{
  "stats": {
    "suites": 12,
    "tests": 41,
    "passes": 23,
    "pending": 0,
    "failures": 18,
    "start": "2021-12-16T17:38:06.418Z",
    "end": "2021-12-16T17:39:45.411Z",
    "duration": 98993,
    "testsRegistered": 41,
    "passPercent": 56.09756097560976,
    "pendingPercent": 0,
    "other": 0,
    "hasOther": false,
    "skipped": 0,
    "hasSkipped": false
  },
  "results": [
    {
      "uuid": "f463750c-96e4-45ad-8f06-93afb59ff513",
      "title": "",
      "fullFile": "cypress/integration/project.spec.js",
      "file": "cypress/integration/project.spec.js",
      "beforeHooks": [],
      "afterHooks": [],
      "tests": [],
      "suites": [
        {
          "uuid": "6156f651-a50c-4401-a945-5ffb0d6c2935",
          "title": "1 - Adicione à página o título \"Paleta de Cores\".",
          "fullFile": "",
          "file": "",
          "beforeHooks": [],
          "afterHooks": [],
          "tests": [
            {
              "title": "Verifica se contém um elemento `h1` com o id `title` com o título correto",
              "fullTitle": "1 - Adicione à página o título \"Paleta de Cores\". Verifica se contém um elemento `h1` com o id `title` com o título correto",
              "timedOut": null,
              "duration": 336,
              "state": "passed",
              "speed": "slow",
              "pass": true,
              "fail": false,
              "pending": false,
              "context": null,
              "code": "cy.get('h1#title').should('contain.text', 'Paleta de Cores');",
              "err": {},
              "uuid": "393d6663-9fd4-4392-abed-bc0fde835a3b",
              "parentUUID": "6156f651-a50c-4401-a945-5ffb0d6c2935",
              "isHook": false,
              "skipped": false
            }
          ],
          "suites": [],
          "passes": [
            "393d6663-9fd4-4392-abed-bc0fde835a3b"
          ],
          "failures": [],
          "pending": [],
          "skipped": [],
          "duration": 336,
          "root": false,
          "rootEmpty": false,
          "_timeout": 2000
        },
        {
          "uuid": "acd2fc47-a030-44af-9cf0-bb9bedef432f",
          "title": "2 - Adicione à página uma paleta de quatro cores distintas.",
          "fullFile": "",
          "file": "",
          "beforeHooks": [],
          "afterHooks": [],
          "tests": [
            {
              "title": "A paleta de cores deve ser um elemento com `id` denominado `color-palette`",
              "fullTitle": "2 - Adicione à página uma paleta de quatro cores distintas. A paleta de cores deve ser um elemento com `id` denominado `color-palette`",
              "timedOut": null,
              "duration": 278,
              "state": "passed",
              "speed": "slow",
              "pass": true,
              "fail": false,
              "pending": false,
              "context": null,
              "code": "cy.get('#color-palette').should('be.visible');\ncy.get('#color-palette').children('.color');",
              "err": {},
              "uuid": "0af015e2-0cb1-4320-a1f3-f03f819fbbe2",
              "parentUUID": "acd2fc47-a030-44af-9cf0-bb9bedef432f",
              "isHook": false,
              "skipped": false
            },
            {
              "title": "Verifica se cada cor individual da paleta de cores possui a `classe` chamada `color`.",
              "fullTitle": "2 - Adicione à página uma paleta de quatro cores distintas. Verifica se cada cor individual da paleta de cores possui a `classe` chamada `color`.",
              "timedOut": null,
              "duration": 202,
              "state": "passed",
              "speed": "slow",
              "pass": true,
              "fail": false,
              "pending": false,
              "context": null,
              "code": "cy.get('.color').should('have.length', 4).then(function (colors) {\n  for (var i = 0; i < colors.length; i++) {\n    cy.wrap(colors[i]).should('be.visible');\n  }\n});",
              "err": {},
              "uuid": "0c0282db-9ec7-4b7b-92f1-25b33df3163f",
              "parentUUID": "acd2fc47-a030-44af-9cf0-bb9bedef432f",
              "isHook": false,
              "skipped": false
            },
            {
              "title": "Verifica se a cor de fundo de cada elemento da paleta é a cor que o elemento representa. **A única cor não permitida na paleta é a cor branca.**",
              "fullTitle": "2 - Adicione à página uma paleta de quatro cores distintas. Verifica se a cor de fundo de cada elemento da paleta é a cor que o elemento representa. **A única cor não permitida na paleta é a cor branca.**",
              "timedOut": null,
              "duration": 148,
              "state": "passed",
              "speed": "slow",
              "pass": true,
              "fail": false,
              "pending": false,
              "context": null,
              "code": "cy.get('.color').each(function (color) {\n  cy.wrap(color).should('have.class', 'color').and('not.have.css', 'background-color', WHITE);\n  cy.wrap(color).should('have.css', 'background-color');\n});",
              "err": {},
              "uuid": "666909d7-f1ff-4c44-9ed1-0f3fe2413e2c",
              "parentUUID": "acd2fc47-a030-44af-9cf0-bb9bedef432f",
              "isHook": false,
              "skipped": false
            },
            {
              "title": "Verifica se cada elemento da paleta de cores tem uma borda preta, sólida e com 1 pixel de largura;",
              "fullTitle": "2 - Adicione à página uma paleta de quatro cores distintas. Verifica se cada elemento da paleta de cores tem uma borda preta, sólida e com 1 pixel de largura;",
              "timedOut": null,
              "duration": 175,
              "state": "passed",
              "speed": "slow",
              "pass": true,
              "fail": false,
              "pending": false,
              "context": null,
              "code": "cy.get('.color').each(function (color) {\n  cy.wrap(color).and('have.css', 'border', \"1px solid \".concat(BLACK)).and('have.class', 'color');\n});",
              "err": {},
              "uuid": "1fbcb538-d492-4f1b-8d6f-bda058b6d31d",
              "parentUUID": "acd2fc47-a030-44af-9cf0-bb9bedef432f",
              "isHook": false,
              "skipped": false
            },
            {
              "title": "Verifica se a paleta lista todas as cores disponíveis para utilização, lado a lado.",
              "fullTitle": "2 - Adicione à página uma paleta de quatro cores distintas. Verifica se a paleta lista todas as cores disponíveis para utilização, lado a lado.",
              "timedOut": null,
              "duration": 161,
              "state": "passed",
              "speed": "slow",
              "pass": true,
              "fail": false,
              "pending": false,
              "context": null,
              "code": "cy.get('.color').then(function (colors) {\n  for (var index = 1; index < colors.length; index += 1) {\n    var currentColor = colors[index];\n    var previousColor = colors[index - 1];\n    cy.wrap(currentColor).should('be.onTheRightOf', previousColor).and('be.horizontallyAlignedWith', previousColor);\n  }\n});",
              "err": {},
              "uuid": "066151b8-baeb-4a7e-af9e-2c21e042b179",
              "parentUUID": "acd2fc47-a030-44af-9cf0-bb9bedef432f",
              "isHook": false,
              "skipped": false
            },
            {
              "title": "Verifica se a paleta de cores está posicionada abaixo do título 'Paleta de Cores'",
              "fullTitle": "2 - Adicione à página uma paleta de quatro cores distintas. Verifica se a paleta de cores está posicionada abaixo do título 'Paleta de Cores'",
              "timedOut": null,
              "duration": 157,
              "state": "passed",
              "speed": "slow",
              "pass": true,
              "fail": false,
              "pending": false,
              "context": null,
              "code": "cy.get('h1#title').then(function (title) {\n  cy.get('#color-palette').should('be.belowOf', title);\n});",
              "err": {},
              "uuid": "bbe1004a-5061-4007-9f6c-0e6ebe16f5d1",
              "parentUUID": "acd2fc47-a030-44af-9cf0-bb9bedef432f",
              "isHook": false,
              "skipped": false
            },
            {
              "title": "Verifica se a paleta de cores não contém cores repetidas.",
              "fullTitle": "2 - Adicione à página uma paleta de quatro cores distintas. Verifica se a paleta de cores não contém cores repetidas.",
              "timedOut": null,
              "duration": 106,
              "state": "passed",
              "speed": "slow",
              "pass": true,
              "fail": false,
              "pending": false,
              "context": null,
              "code": "cy.get('.color').then(function (colors) {\n  var allColors = Array.from(colors).map(function (color) {\n    return Cypress.$(color).css('background-color');\n  });\n  cy.log(allColors);\n  var uniqColors = (0, _toConsumableArray2[\"default\"])(new Set(allColors));\n  cy.log(uniqColors);\n  expect(allColors.length).to.eq(uniqColors.length);\n});",
              "err": {},
              "uuid": "5289e7fe-e0ca-4c45-83ac-93919a5bd144",
              "parentUUID": "acd2fc47-a030-44af-9cf0-bb9bedef432f",
              "isHook": false,
              "skipped": false
            }
          ],
          "suites": [],
          "passes": [
            "0af015e2-0cb1-4320-a1f3-f03f819fbbe2",
            "0c0282db-9ec7-4b7b-92f1-25b33df3163f",
            "666909d7-f1ff-4c44-9ed1-0f3fe2413e2c",
            "1fbcb538-d492-4f1b-8d6f-bda058b6d31d",
            "066151b8-baeb-4a7e-af9e-2c21e042b179",
            "bbe1004a-5061-4007-9f6c-0e6ebe16f5d1",
            "5289e7fe-e0ca-4c45-83ac-93919a5bd144"
          ],
          "failures": [],
          "pending": [],
          "skipped": [],
          "duration": 1227,
          "root": false,
          "rootEmpty": false,
          "_timeout": 2000
        },
        {
          "uuid": "970c89a1-9363-41aa-bb1f-f46dcc2577de",
          "title": "3 - Adicione a cor **preta** como a primeira cor da paleta de cores.",
          "fullFile": "",
          "file": "",
          "beforeHooks": [],
          "afterHooks": [],
          "tests": [
            {
              "title": "Verifica se a primeira cor da paleta é preta",
              "fullTitle": "3 - Adicione a cor **preta** como a primeira cor da paleta de cores. Verifica se a primeira cor da paleta é preta",
              "timedOut": null,
              "duration": 140,
              "state": "passed",
              "speed": "slow",
              "pass": true,
              "fail": false,
              "pending": false,
              "context": null,
              "code": "cy.get('.color').first().should('have.css', 'background-color', BLACK);",
              "err": {},
              "uuid": "b38f8da0-effc-4839-94c4-680f231e0278",
              "parentUUID": "970c89a1-9363-41aa-bb1f-f46dcc2577de",
              "isHook": false,
              "skipped": false
            },
            {
              "title": "Verifica se as demais cores podem ser escolhidas livremente.",
              "fullTitle": "3 - Adicione a cor **preta** como a primeira cor da paleta de cores. Verifica se as demais cores podem ser escolhidas livremente.",
              "timedOut": null,
              "duration": 226,
              "state": "passed",
              "speed": "slow",
              "pass": true,
              "fail": false,
              "pending": false,
              "context": null,
              "code": "cy.get('.color').eq(1).should('not.have.css', 'background-color', BLACK);\ncy.get('.color').eq(1).should('not.have.css', 'background-color', WHITE);\ncy.get('.color').eq(1).should('not.have.css', 'background-color', 'rgba(0, 0, 0, 0)');\ncy.get('.color').eq(1).should('have.css', 'background-color');\ncy.get('.color').eq(2).should('not.have.css', 'background-color', BLACK);\ncy.get('.color').eq(2).should('not.have.css', 'background-color', WHITE);\ncy.get('.color').eq(2).should('not.have.css', 'background-color', 'rgba(0, 0, 0, 0)');\ncy.get('.color').eq(2).should('have.css', 'background-color');\ncy.get('.color').eq(3).should('not.have.css', 'background-color', BLACK);\ncy.get('.color').eq(3).should('not.have.css', 'background-color', WHITE);\ncy.get('.color').eq(3).should('not.have.css', 'background-color', 'rgba(0, 0, 0, 0)');\ncy.get('.color').eq(3).should('have.css', 'background-color');",
              "err": {},
              "uuid": "4a12dccf-f1a3-4211-9a0b-8123e6a5dd85",
              "parentUUID": "970c89a1-9363-41aa-bb1f-f46dcc2577de",
              "isHook": false,
              "skipped": false
            }
          ],
          "suites": [],
          "passes": [
            "b38f8da0-effc-4839-94c4-680f231e0278",
            "4a12dccf-f1a3-4211-9a0b-8123e6a5dd85"
          ],
          "failures": [],
          "pending": [],
          "skipped": [],
          "duration": 366,
          "root": false,
          "rootEmpty": false,
          "_timeout": 2000
        },
        {
          "uuid": "ab66b580-7f9e-4e26-9299-e352e77dca5e",
          "title": "4 - Adicione à página um quadro de pixels, com 25 pixels.",
          "fullFile": "",
          "file": "",
          "beforeHooks": [],
          "afterHooks": [],
          "tests": [
            {
              "title": "Verifica se o quadro de pixels possui o `id` denominado `pixel-board`",
              "fullTitle": "4 - Adicione à página um quadro de pixels, com 25 pixels. Verifica se o quadro de pixels possui o `id` denominado `pixel-board`",
              "timedOut": null,
              "duration": 161,
              "state": "passed",
              "speed": "slow",
              "pass": true,
              "fail": false,
              "pending": false,
              "context": null,
              "code": "cy.get('#pixel-board').should('be.visible');",
              "err": {},
              "uuid": "0188c6a6-77f6-406d-b5b0-798b249ea23f",
              "parentUUID": "ab66b580-7f9e-4e26-9299-e352e77dca5e",
              "isHook": false,
              "skipped": false
            },
            {
              "title": "Verifica se cada pixel individual dentro do quadro possui a `classe` denominada `pixel`.",
              "fullTitle": "4 - Adicione à página um quadro de pixels, com 25 pixels. Verifica se cada pixel individual dentro do quadro possui a `classe` denominada `pixel`.",
              "timedOut": null,
              "duration": 133,
              "state": "passed",
              "speed": "slow",
              "pass": true,
              "fail": false,
              "pending": false,
              "context": null,
              "code": "cy.get('.pixel').should('have.length', 25);",
              "err": {},
              "uuid": "c6534868-7cfc-45c6-a119-2bf546d02097",
              "parentUUID": "ab66b580-7f9e-4e26-9299-e352e77dca5e",
              "isHook": false,
              "skipped": false
            },
            {
              "title": "Verifica se a cor inicial dos pixels dentro do quadro, ao abrir a página, é branca.",
              "fullTitle": "4 - Adicione à página um quadro de pixels, com 25 pixels. Verifica se a cor inicial dos pixels dentro do quadro, ao abrir a página, é branca.",
              "timedOut": null,
              "duration": 262,
              "state": "passed",
              "speed": "slow",
              "pass": true,
              "fail": false,
              "pending": false,
              "context": null,
              "code": "cy.get('.pixel').should('have.length', 25).each(function (pixel) {\n  expect(pixel).to.have.css('background-color', WHITE);\n});",
              "err": {},
              "uuid": "0516377b-1a82-42c1-bd67-f59e9578e171",
              "parentUUID": "ab66b580-7f9e-4e26-9299-e352e77dca5e",
              "isHook": false,
              "skipped": false
            },
            {
              "title": "Verifica se o quadro de pixels aparece abaixo da paleta de cores",
              "fullTitle": "4 - Adicione à página um quadro de pixels, com 25 pixels. Verifica se o quadro de pixels aparece abaixo da paleta de cores",
              "timedOut": null,
              "duration": 139,
              "state": "passed",
              "speed": "slow",
              "pass": true,
              "fail": false,
              "pending": false,
              "context": null,
              "code": "cy.get('#color-palette').then(function (palette) {\n  cy.get('#pixel-board').should('be.belowOf', palette);\n});",
              "err": {},
              "uuid": "f6570fd2-8962-468c-a202-3d44897ed106",
              "parentUUID": "ab66b580-7f9e-4e26-9299-e352e77dca5e",
              "isHook": false,
              "skipped": false
            }
          ],
          "suites": [],
          "passes": [
            "0188c6a6-77f6-406d-b5b0-798b249ea23f",
            "c6534868-7cfc-45c6-a119-2bf546d02097",
            "0516377b-1a82-42c1-bd67-f59e9578e171",
            "f6570fd2-8962-468c-a202-3d44897ed106"
          ],
          "failures": [],
          "pending": [],
          "skipped": [],
          "duration": 695,
          "root": false,
          "rootEmpty": false,
          "_timeout": 2000
        },
        {
          "uuid": "46ea8d84-7209-4789-8497-7fd9203051c2",
          "title": "5 - Faça com que cada elemento do quadro de pixels possua 40 pixels de largura, 40 pixels de altura e seja delimitado por uma borda preta de 1 pixel.",
          "fullFile": "",
          "file": "",
          "beforeHooks": [],
          "afterHooks": [],
          "tests": [
            {
              "title": "Verifica se o quadro de pixels tem altura e comprimento de 5 elementos",
              "fullTitle": "5 - Faça com que cada elemento do quadro de pixels possua 40 pixels de largura, 40 pixels de altura e seja delimitado por uma borda preta de 1 pixel. Verifica se o quadro de pixels tem altura e comprimento de 5 elementos",
              "timedOut": null,
              "duration": 362,
              "state": "passed",
              "speed": "slow",
              "pass": true,
              "fail": false,
              "pending": false,
              "context": null,
              "code": "cy.get('.pixel').should('have.length', 25).each(function (pixel) {\n  expect(pixel).to.have.css('background-color', WHITE);\n}).and(function (pixels) {\n  var rows = chunk(pixels, 5);\n  rows.forEach(function (row) {\n    for (var index = 1; index < row.length; index += 1) {\n      var current = pixels[index];\n      var previous = pixels[index - 1];\n      cy.wrap(current).should('be.onTheRightOf', previous).and('be.horizontallyAlignedWith', previous);\n    }\n  });\n  for (var index = 1; index < 5; index += 1) {\n    expect(pixels[index * 5]).to.be.belowOf(pixels[(index - 1) * 5]);\n  }\n});",
              "err": {},
              "uuid": "61ec0253-f6ce-4791-84b3-add052f19a5e",
              "parentUUID": "46ea8d84-7209-4789-8497-7fd9203051c2",
              "isHook": false,
              "skipped": false
            },
            {
              "title": "Verifica se 40 pixels é o tamanho total do elemento, incluindo seu conteúdo e excluindo a borda preta, que deve ser criada à parte.",
              "fullTitle": "5 - Faça com que cada elemento do quadro de pixels possua 40 pixels de largura, 40 pixels de altura e seja delimitado por uma borda preta de 1 pixel. Verifica se 40 pixels é o tamanho total do elemento, incluindo seu conteúdo e excluindo a borda preta, que deve ser criada à parte.",
              "timedOut": null,
              "duration": 287,
              "state": "passed",
              "speed": "slow",
              "pass": true,
              "fail": false,
              "pending": false,
              "context": null,
              "code": "cy.get('.pixel').each(function (pixel) {\n  cy.wrap(pixel).should('have.css', 'height', '40px').and('have.css', 'width', '40px').and('have.css', 'border', \"1px solid \".concat(BLACK));\n});",
              "err": {},
              "uuid": "a2d24546-5082-410d-8dd5-f6bb999c5be7",
              "parentUUID": "46ea8d84-7209-4789-8497-7fd9203051c2",
              "isHook": false,
              "skipped": false
            }
          ],
          "suites": [],
          "passes": [
            "61ec0253-f6ce-4791-84b3-add052f19a5e",
            "a2d24546-5082-410d-8dd5-f6bb999c5be7"
          ],
          "failures": [],
          "pending": [],
          "skipped": [],
          "duration": 649,
          "root": false,
          "rootEmpty": false,
          "_timeout": 2000
        },
        {
          "uuid": "39bb69a7-af7f-4ba0-b118-cd021de9a75d",
          "title": "6 - Defina a cor preta como cor inicial. Ao carregar a página a cor preta já deve estar selecionada para pintar os pixels",
          "fullFile": "",
          "file": "",
          "beforeHooks": [],
          "afterHooks": [],
          "tests": [
            {
              "title": "Verifica se o elemento da cor preta possui, inicialmente, a `classe` `selected`",
              "fullTitle": "6 - Defina a cor preta como cor inicial. Ao carregar a página a cor preta já deve estar selecionada para pintar os pixels Verifica se o elemento da cor preta possui, inicialmente, a `classe` `selected`",
              "timedOut": null,
              "duration": 140,
              "state": "passed",
              "speed": "slow",
              "pass": true,
              "fail": false,
              "pending": false,
              "context": null,
              "code": "cy.get('.selected').first().should('have.css', 'background-color', BLACK);",
              "err": {},
              "uuid": "ea6ae157-d2e6-45d0-84ea-29382b83cd21",
              "parentUUID": "39bb69a7-af7f-4ba0-b118-cd021de9a75d",
              "isHook": false,
              "skipped": false
            },
            {
              "title": "Verifica se nenhuma outra cor da paleta tem a `classe` `selected`",
              "fullTitle": "6 - Defina a cor preta como cor inicial. Ao carregar a página a cor preta já deve estar selecionada para pintar os pixels Verifica se nenhuma outra cor da paleta tem a `classe` `selected`",
              "timedOut": null,
              "duration": 106,
              "state": "passed",
              "speed": "slow",
              "pass": true,
              "fail": false,
              "pending": false,
              "context": null,
              "code": "cy.get('.color:not(:first-child)').each(function (color) {\n  cy.wrap(color).should('not.have.class', 'selected');\n});",
              "err": {},
              "uuid": "4a7274b8-2177-44b5-b418-0d46db6304f5",
              "parentUUID": "39bb69a7-af7f-4ba0-b118-cd021de9a75d",
              "isHook": false,
              "skipped": false
            }
          ],
          "suites": [],
          "passes": [
            "ea6ae157-d2e6-45d0-84ea-29382b83cd21",
            "4a7274b8-2177-44b5-b418-0d46db6304f5"
          ],
          "failures": [],
          "pending": [],
          "skipped": [],
          "duration": 246,
          "root": false,
          "rootEmpty": false,
          "_timeout": 2000
        },
        {
          "uuid": "ae145840-aac9-45b4-92b5-8498fea60d0c",
          "title": "7 - Clicar em uma das cores da paleta, faz com que ela seja selecionada e utilizada para preencher os pixels no quadro.",
          "fullFile": "",
          "file": "",
          "beforeHooks": [],
          "afterHooks": [],
          "tests": [
            {
              "title": "Verifica se somente uma cor da paleta de cores tem a classe `selected` de cada vez",
              "fullTitle": "7 - Clicar em uma das cores da paleta, faz com que ela seja selecionada e utilizada para preencher os pixels no quadro. Verifica se somente uma cor da paleta de cores tem a classe `selected` de cada vez",
              "timedOut": null,
              "duration": 495,
              "state": "passed",
              "speed": "slow",
              "pass": true,
              "fail": false,
              "pending": false,
              "context": null,
              "code": "cy.get('.color').each(function (selectedColor, selectedColorIndex) {\n  cy.wrap(selectedColor).click();\n  cy.get('.color').each(function (color, colorIndex) {\n    if (colorIndex === selectedColorIndex) {\n      expect(color).to.have[\"class\"]('selected');\n    } else {\n      expect(color).not.to.have[\"class\"]('selected');\n    }\n  });\n});",
              "err": {},
              "uuid": "8622e924-ba9b-4e8f-b3df-8839b1a6f882",
              "parentUUID": "ae145840-aac9-45b4-92b5-8498fea60d0c",
              "isHook": false,
              "skipped": false
            },
            {
              "title": "Verifica se os pixels dentro do quadro não têm a classe `selected` quando são clicados",
              "fullTitle": "7 - Clicar em uma das cores da paleta, faz com que ela seja selecionada e utilizada para preencher os pixels no quadro. Verifica se os pixels dentro do quadro não têm a classe `selected` quando são clicados",
              "timedOut": null,
              "duration": 8390,
              "state": "passed",
              "speed": "slow",
              "pass": true,
              "fail": false,
              "pending": false,
              "context": null,
              "code": "cy.get('.color').each(function (color) {\n  var backgroundColor = color.css('background-color');\n  cy.wrap(color).click();\n  cy.get('.pixel').each(function (pixel) {\n    cy.wrap(pixel).click().should('not.have.class', 'selected');\n  });\n});",
              "err": {},
              "uuid": "637a0df3-659c-47ab-a6a6-576e0e7485d7",
              "parentUUID": "ae145840-aac9-45b4-92b5-8498fea60d0c",
              "isHook": false,
              "skipped": false
            }
          ],
          "suites": [],
          "passes": [
            "8622e924-ba9b-4e8f-b3df-8839b1a6f882",
            "637a0df3-659c-47ab-a6a6-576e0e7485d7"
          ],
          "failures": [],
          "pending": [],
          "skipped": [],
          "duration": 8885,
          "root": false,
          "rootEmpty": false,
          "_timeout": 2000
        },
        {
          "uuid": "5ad425a8-6f2d-41d2-8a6a-4fed19cfb2ad",
          "title": "8 - Clicar em um pixel dentro do quadro após selecionar uma cor na paleta, faz com que o pixel seja preenchido com a cor selecionada.",
          "fullFile": "",
          "file": "",
          "beforeHooks": [],
          "afterHooks": [],
          "tests": [
            {
              "title": "Verifica se ao carregar a página deve ser possível pintar os pixels de preto",
              "fullTitle": "8 - Clicar em um pixel dentro do quadro após selecionar uma cor na paleta, faz com que o pixel seja preenchido com a cor selecionada. Verifica se ao carregar a página deve ser possível pintar os pixels de preto",
              "timedOut": null,
              "duration": 2132,
              "state": "passed",
              "speed": "slow",
              "pass": true,
              "fail": false,
              "pending": false,
              "context": null,
              "code": "cy.get('.pixel').each(function (pixel) {\n  cy.wrap(pixel).click().should('have.css', 'background-color', BLACK);\n});",
              "err": {},
              "uuid": "583c092c-6ea8-453a-9312-2d8798457fc0",
              "parentUUID": "5ad425a8-6f2d-41d2-8a6a-4fed19cfb2ad",
              "isHook": false,
              "skipped": false
            },
            {
              "title": "Verifica se após selecionar uma outra cor na paleta, é possível pintar os pixels com essa cor",
              "fullTitle": "8 - Clicar em um pixel dentro do quadro após selecionar uma cor na paleta, faz com que o pixel seja preenchido com a cor selecionada. Verifica se após selecionar uma outra cor na paleta, é possível pintar os pixels com essa cor",
              "timedOut": null,
              "duration": 8403,
              "state": "passed",
              "speed": "slow",
              "pass": true,
              "fail": false,
              "pending": false,
              "context": null,
              "code": "cy.get('.color').each(function (color) {\n  var backgroundColor = color.css('background-color');\n  cy.wrap(color).click();\n  cy.get('.pixel').each(function (pixel) {\n    cy.wrap(pixel).click().should('have.css', 'background-color', backgroundColor);\n  });\n});",
              "err": {},
              "uuid": "3824fad2-266a-4428-891d-0ae77f9c574c",
              "parentUUID": "5ad425a8-6f2d-41d2-8a6a-4fed19cfb2ad",
              "isHook": false,
              "skipped": false
            },
            {
              "title": "Verifica se somente o pixel que foi clicado foi preenchido com a cor selecionada, sem influenciar na cor dos demais pixels.",
              "fullTitle": "8 - Clicar em um pixel dentro do quadro após selecionar uma cor na paleta, faz com que o pixel seja preenchido com a cor selecionada. Verifica se somente o pixel que foi clicado foi preenchido com a cor selecionada, sem influenciar na cor dos demais pixels.",
              "timedOut": null,
              "duration": 1454,
              "state": "passed",
              "speed": "slow",
              "pass": true,
              "fail": false,
              "pending": false,
              "context": null,
              "code": "var colorToPixelIndexMap = {\n  0: 6,\n  1: 8,\n  2: 16,\n  3: 18\n};\ncy.get('.color').each(function (color, index) {\n  cy.wrap(color).click();\n  var backgroundColor = color.css('background-color');\n  var clickedPixelIndex = colorToPixelIndexMap[index];\n  cy.get('.pixel').eq(clickedPixelIndex).click();\n  cy.get('.pixel').eq(clickedPixelIndex - 1).should('not.have.css', 'background-color', backgroundColor);\n  cy.get('.pixel').eq(clickedPixelIndex + 1).should('not.have.css', 'background-color', backgroundColor);\n  cy.get('.pixel').eq(clickedPixelIndex - 5).should('not.have.css', 'background-color', backgroundColor);\n  cy.get('.pixel').eq(clickedPixelIndex + 5).should('not.have.css', 'background-color', backgroundColor);\n  cy.get('.pixel').eq(clickedPixelIndex - 6).should('not.have.css', 'background-color', backgroundColor);\n  cy.get('.pixel').eq(clickedPixelIndex - 4).should('not.have.css', 'background-color', backgroundColor);\n  cy.get('.pixel').eq(clickedPixelIndex + 4).should('not.have.css', 'background-color', backgroundColor);\n  cy.get('.pixel').eq(clickedPixelIndex + 6).should('not.have.css', 'background-color', backgroundColor);\n});",
              "err": {},
              "uuid": "384b9d54-558d-43aa-8d6a-670d73bd018f",
              "parentUUID": "5ad425a8-6f2d-41d2-8a6a-4fed19cfb2ad",
              "isHook": false,
              "skipped": false
            }
          ],
          "suites": [],
          "passes": [
            "583c092c-6ea8-453a-9312-2d8798457fc0",
            "3824fad2-266a-4428-891d-0ae77f9c574c",
            "384b9d54-558d-43aa-8d6a-670d73bd018f"
          ],
          "failures": [],
          "pending": [],
          "skipped": [],
          "duration": 11989,
          "root": false,
          "rootEmpty": false,
          "_timeout": 2000
        },
        {
          "uuid": "b95638a0-73b2-441d-9bec-a2a0fe93c952",
          "title": "9 - Crie um botão que, ao ser clicado, limpa o quadro preenchendo a cor de todos seus pixels com branco.",
          "fullFile": "",
          "file": "",
          "beforeHooks": [],
          "afterHooks": [],
          "tests": [
            {
              "title": "Verifica se o botão tem o `id` denominado `clear-board`",
              "fullTitle": "9 - Crie um botão que, ao ser clicado, limpa o quadro preenchendo a cor de todos seus pixels com branco. Verifica se o botão tem o `id` denominado `clear-board`",
              "timedOut": null,
              "duration": 4387,
              "state": "failed",
              "speed": null,
              "pass": false,
              "fail": true,
              "pending": false,
              "context": null,
              "code": "cy.get('#clear-board').should('be.visible');",
              "err": {
                "message": "CypressError: Timed out retrying: Expected to find element: '#clear-board', but never found it.",
                "estack": "CypressError: Timed out retrying: Expected to find element: '#clear-board', but never found it.\n    at cypressErr (http://localhost:40979/__cypress/runner/cypress_runner.js:149934:9)\n    at throwErr (http://localhost:40979/__cypress/runner/cypress_runner.js:149867:11)\n    at Object.throwErrByPath (http://localhost:40979/__cypress/runner/cypress_runner.js:149915:3)\n    at retry (http://localhost:40979/__cypress/runner/cypress_runner.js:144197:19)\n    at onFailFn (http://localhost:40979/__cypress/runner/cypress_runner.js:132448:16)\n    at tryCatcher (http://localhost:40979/__cypress/runner/cypress_runner.js:167415:23)\n    at Promise._settlePromiseFromHandler (http://localhost:40979/__cypress/runner/cypress_runner.js:165351:31)\n    at Promise._settlePromise (http://localhost:40979/__cypress/runner/cypress_runner.js:165408:18)\n    at Promise._settlePromise0 (http://localhost:40979/__cypress/runner/cypress_runner.js:165453:10)\n    at Promise._settlePromises (http://localhost:40979/__cypress/runner/cypress_runner.js:165528:18)\n    at Async../node_modules/bluebird/js/release/async.js.Async._drainQueue (http://localhost:40979/__cypress/runner/cypress_runner.js:162140:16)\n    at Async../node_modules/bluebird/js/release/async.js.Async._drainQueues (http://localhost:40979/__cypress/runner/cypress_runner.js:162150:10)\n    at Async.drainQueues (http://localhost:40979/__cypress/runner/cypress_runner.js:162024:14)",
                "diff": null
              },
              "uuid": "46cdb582-1dea-4117-9dda-77eab7f69b1d",
              "parentUUID": "b95638a0-73b2-441d-9bec-a2a0fe93c952",
              "isHook": false,
              "skipped": false
            },
            {
              "title": "Verifica se o botão está posicionado entre a paleta de cores e o quadro de pixels",
              "fullTitle": "9 - Crie um botão que, ao ser clicado, limpa o quadro preenchendo a cor de todos seus pixels com branco. Verifica se o botão está posicionado entre a paleta de cores e o quadro de pixels",
              "timedOut": null,
              "duration": 4332,
              "state": "failed",
              "speed": null,
              "pass": false,
              "fail": true,
              "pending": false,
              "context": null,
              "code": "cy.get('#color-palette').then(function (palette) {\n  cy.get('#clear-board').should('be.belowOf', palette);\n});\ncy.get('#clear-board').then(function (clearBtn) {\n  cy.get('#pixel-board').should('be.belowOf', clearBtn);\n});",
              "err": {
                "message": "CypressError: Timed out retrying: Expected to find element: '#clear-board', but never found it.",
                "estack": "CypressError: Timed out retrying: Expected to find element: '#clear-board', but never found it.\n    at cypressErr (http://localhost:40979/__cypress/runner/cypress_runner.js:149934:9)\n    at throwErr (http://localhost:40979/__cypress/runner/cypress_runner.js:149867:11)\n    at Object.throwErrByPath (http://localhost:40979/__cypress/runner/cypress_runner.js:149915:3)\n    at retry (http://localhost:40979/__cypress/runner/cypress_runner.js:144197:19)\n    at onFailFn (http://localhost:40979/__cypress/runner/cypress_runner.js:132448:16)\n    at tryCatcher (http://localhost:40979/__cypress/runner/cypress_runner.js:167415:23)\n    at Promise._settlePromiseFromHandler (http://localhost:40979/__cypress/runner/cypress_runner.js:165351:31)\n    at Promise._settlePromise (http://localhost:40979/__cypress/runner/cypress_runner.js:165408:18)\n    at Promise._settlePromise0 (http://localhost:40979/__cypress/runner/cypress_runner.js:165453:10)\n    at Promise._settlePromises (http://localhost:40979/__cypress/runner/cypress_runner.js:165528:18)\n    at Async../node_modules/bluebird/js/release/async.js.Async._drainQueue (http://localhost:40979/__cypress/runner/cypress_runner.js:162140:16)\n    at Async../node_modules/bluebird/js/release/async.js.Async._drainQueues (http://localhost:40979/__cypress/runner/cypress_runner.js:162150:10)\n    at Async.drainQueues (http://localhost:40979/__cypress/runner/cypress_runner.js:162024:14)",
                "diff": null
              },
              "uuid": "309d1932-72a5-431b-91ef-cb0e15596771",
              "parentUUID": "b95638a0-73b2-441d-9bec-a2a0fe93c952",
              "isHook": false,
              "skipped": false
            },
            {
              "title": "Verifica se o texto do botão é 'Limpar'",
              "fullTitle": "9 - Crie um botão que, ao ser clicado, limpa o quadro preenchendo a cor de todos seus pixels com branco. Verifica se o texto do botão é 'Limpar'",
              "timedOut": null,
              "duration": 4308,
              "state": "failed",
              "speed": null,
              "pass": false,
              "fail": true,
              "pending": false,
              "context": null,
              "code": "cy.get('#clear-board').should('contain.text', 'Limpar');",
              "err": {
                "message": "CypressError: Timed out retrying: Expected to find element: '#clear-board', but never found it.",
                "estack": "CypressError: Timed out retrying: Expected to find element: '#clear-board', but never found it.\n    at cypressErr (http://localhost:40979/__cypress/runner/cypress_runner.js:149934:9)\n    at throwErr (http://localhost:40979/__cypress/runner/cypress_runner.js:149867:11)\n    at Object.throwErrByPath (http://localhost:40979/__cypress/runner/cypress_runner.js:149915:3)\n    at retry (http://localhost:40979/__cypress/runner/cypress_runner.js:144197:19)\n    at onFailFn (http://localhost:40979/__cypress/runner/cypress_runner.js:132448:16)\n    at tryCatcher (http://localhost:40979/__cypress/runner/cypress_runner.js:167415:23)\n    at Promise._settlePromiseFromHandler (http://localhost:40979/__cypress/runner/cypress_runner.js:165351:31)\n    at Promise._settlePromise (http://localhost:40979/__cypress/runner/cypress_runner.js:165408:18)\n    at Promise._settlePromise0 (http://localhost:40979/__cypress/runner/cypress_runner.js:165453:10)\n    at Promise._settlePromises (http://localhost:40979/__cypress/runner/cypress_runner.js:165528:18)\n    at Async../node_modules/bluebird/js/release/async.js.Async._drainQueue (http://localhost:40979/__cypress/runner/cypress_runner.js:162140:16)\n    at Async../node_modules/bluebird/js/release/async.js.Async._drainQueues (http://localhost:40979/__cypress/runner/cypress_runner.js:162150:10)\n    at Async.drainQueues (http://localhost:40979/__cypress/runner/cypress_runner.js:162024:14)",
                "diff": null
              },
              "uuid": "757743cf-6c15-455d-bbd3-f929b80ae4cc",
              "parentUUID": "b95638a0-73b2-441d-9bec-a2a0fe93c952",
              "isHook": false,
              "skipped": false
            },
            {
              "title": "Verifica se ao clicar no botão, o quadro de pixels é totalmente preenchido de branco",
              "fullTitle": "9 - Crie um botão que, ao ser clicado, limpa o quadro preenchendo a cor de todos seus pixels com branco. Verifica se ao clicar no botão, o quadro de pixels é totalmente preenchido de branco",
              "timedOut": null,
              "duration": 6398,
              "state": "failed",
              "speed": null,
              "pass": false,
              "fail": true,
              "pending": false,
              "context": null,
              "code": "cy.get('.color').eq(1).then(function (color) {\n  var backgroundColor = color.css('background-color');\n  cy.wrap(color).click();\n  cy.get('.pixel').each(function (pixel) {\n    cy.wrap(pixel).click().should('have.css', 'background-color', backgroundColor);\n  });\n});\ncy.get('#clear-board').click();\ncy.get('.pixel').each(function (pixel) {\n  cy.wrap(pixel).should('have.css', 'background-color', WHITE);\n});",
              "err": {
                "message": "CypressError: Timed out retrying: Expected to find element: '#clear-board', but never found it.",
                "estack": "CypressError: Timed out retrying: Expected to find element: '#clear-board', but never found it.\n    at cypressErr (http://localhost:40979/__cypress/runner/cypress_runner.js:149934:9)\n    at throwErr (http://localhost:40979/__cypress/runner/cypress_runner.js:149867:11)\n    at Object.throwErrByPath (http://localhost:40979/__cypress/runner/cypress_runner.js:149915:3)\n    at retry (http://localhost:40979/__cypress/runner/cypress_runner.js:144197:19)\n    at onFailFn (http://localhost:40979/__cypress/runner/cypress_runner.js:132448:16)\n    at tryCatcher (http://localhost:40979/__cypress/runner/cypress_runner.js:167415:23)\n    at Promise._settlePromiseFromHandler (http://localhost:40979/__cypress/runner/cypress_runner.js:165351:31)\n    at Promise._settlePromise (http://localhost:40979/__cypress/runner/cypress_runner.js:165408:18)\n    at Promise._settlePromise0 (http://localhost:40979/__cypress/runner/cypress_runner.js:165453:10)\n    at Promise._settlePromises (http://localhost:40979/__cypress/runner/cypress_runner.js:165528:18)\n    at Async../node_modules/bluebird/js/release/async.js.Async._drainQueue (http://localhost:40979/__cypress/runner/cypress_runner.js:162140:16)\n    at Async../node_modules/bluebird/js/release/async.js.Async._drainQueues (http://localhost:40979/__cypress/runner/cypress_runner.js:162150:10)\n    at Async.drainQueues (http://localhost:40979/__cypress/runner/cypress_runner.js:162024:14)",
                "diff": null
              },
              "uuid": "5240b363-f4cd-4ea9-a296-c66cfa70e78d",
              "parentUUID": "b95638a0-73b2-441d-9bec-a2a0fe93c952",
              "isHook": false,
              "skipped": false
            }
          ],
          "suites": [],
          "passes": [],
          "failures": [
            "46cdb582-1dea-4117-9dda-77eab7f69b1d",
            "309d1932-72a5-431b-91ef-cb0e15596771",
            "757743cf-6c15-455d-bbd3-f929b80ae4cc",
            "5240b363-f4cd-4ea9-a296-c66cfa70e78d"
          ],
          "pending": [],
          "skipped": [],
          "duration": 19425,
          "root": false,
          "rootEmpty": false,
          "_timeout": 2000
        },
        {
          "uuid": "e51bf6f8-f9b8-4558-bb3d-c2e6ba2230a7",
          "title": "10 - Faça o quadro de pixels ter seu tamanho definido pelo usuário.",
          "fullFile": "",
          "file": "",
          "beforeHooks": [],
          "afterHooks": [],
          "tests": [
            {
              "title": "Verifica se existe um input com o id `board-size`",
              "fullTitle": "10 - Faça o quadro de pixels ter seu tamanho definido pelo usuário. Verifica se existe um input com o id `board-size`",
              "timedOut": null,
              "duration": 4398,
              "state": "failed",
              "speed": null,
              "pass": false,
              "fail": true,
              "pending": false,
              "context": null,
              "code": "cy.get('#board-size').should('be.visible');",
              "err": {
                "message": "CypressError: Timed out retrying: Expected to find element: '#board-size', but never found it.",
                "estack": "CypressError: Timed out retrying: Expected to find element: '#board-size', but never found it.\n    at cypressErr (http://localhost:40979/__cypress/runner/cypress_runner.js:149934:9)\n    at throwErr (http://localhost:40979/__cypress/runner/cypress_runner.js:149867:11)\n    at Object.throwErrByPath (http://localhost:40979/__cypress/runner/cypress_runner.js:149915:3)\n    at retry (http://localhost:40979/__cypress/runner/cypress_runner.js:144197:19)\n    at onFailFn (http://localhost:40979/__cypress/runner/cypress_runner.js:132448:16)\n    at tryCatcher (http://localhost:40979/__cypress/runner/cypress_runner.js:167415:23)\n    at Promise._settlePromiseFromHandler (http://localhost:40979/__cypress/runner/cypress_runner.js:165351:31)\n    at Promise._settlePromise (http://localhost:40979/__cypress/runner/cypress_runner.js:165408:18)\n    at Promise._settlePromise0 (http://localhost:40979/__cypress/runner/cypress_runner.js:165453:10)\n    at Promise._settlePromises (http://localhost:40979/__cypress/runner/cypress_runner.js:165528:18)\n    at Async../node_modules/bluebird/js/release/async.js.Async._drainQueue (http://localhost:40979/__cypress/runner/cypress_runner.js:162140:16)\n    at Async../node_modules/bluebird/js/release/async.js.Async._drainQueues (http://localhost:40979/__cypress/runner/cypress_runner.js:162150:10)\n    at Async.drainQueues (http://localhost:40979/__cypress/runner/cypress_runner.js:162024:14)",
                "diff": null
              },
              "uuid": "cca93888-9726-4ad0-b1f4-67a9230bf181",
              "parentUUID": "e51bf6f8-f9b8-4558-bb3d-c2e6ba2230a7",
              "isHook": false,
              "skipped": false
            },
            {
              "title": "Verifica se existe um botão com o id `generate-board`",
              "fullTitle": "10 - Faça o quadro de pixels ter seu tamanho definido pelo usuário. Verifica se existe um botão com o id `generate-board`",
              "timedOut": null,
              "duration": 4367,
              "state": "failed",
              "speed": null,
              "pass": false,
              "fail": true,
              "pending": false,
              "context": null,
              "code": "cy.get('#generate-board').should('be.visible');",
              "err": {
                "message": "CypressError: Timed out retrying: Expected to find element: '#generate-board', but never found it.",
                "estack": "CypressError: Timed out retrying: Expected to find element: '#generate-board', but never found it.\n    at cypressErr (http://localhost:40979/__cypress/runner/cypress_runner.js:149934:9)\n    at throwErr (http://localhost:40979/__cypress/runner/cypress_runner.js:149867:11)\n    at Object.throwErrByPath (http://localhost:40979/__cypress/runner/cypress_runner.js:149915:3)\n    at retry (http://localhost:40979/__cypress/runner/cypress_runner.js:144197:19)\n    at onFailFn (http://localhost:40979/__cypress/runner/cypress_runner.js:132448:16)\n    at tryCatcher (http://localhost:40979/__cypress/runner/cypress_runner.js:167415:23)\n    at Promise._settlePromiseFromHandler (http://localhost:40979/__cypress/runner/cypress_runner.js:165351:31)\n    at Promise._settlePromise (http://localhost:40979/__cypress/runner/cypress_runner.js:165408:18)\n    at Promise._settlePromise0 (http://localhost:40979/__cypress/runner/cypress_runner.js:165453:10)\n    at Promise._settlePromises (http://localhost:40979/__cypress/runner/cypress_runner.js:165528:18)\n    at Async../node_modules/bluebird/js/release/async.js.Async._drainQueue (http://localhost:40979/__cypress/runner/cypress_runner.js:162140:16)\n    at Async../node_modules/bluebird/js/release/async.js.Async._drainQueues (http://localhost:40979/__cypress/runner/cypress_runner.js:162150:10)\n    at Async.drainQueues (http://localhost:40979/__cypress/runner/cypress_runner.js:162024:14)",
                "diff": null
              },
              "uuid": "a24ff533-8716-42bb-a3b2-9f7efc224e3e",
              "parentUUID": "e51bf6f8-f9b8-4558-bb3d-c2e6ba2230a7",
              "isHook": false,
              "skipped": false
            },
            {
              "title": "Verifica se o input só aceita número maiores que zero. Essa restrição deve ser feita usando os atributos do elemento `input`",
              "fullTitle": "10 - Faça o quadro de pixels ter seu tamanho definido pelo usuário. Verifica se o input só aceita número maiores que zero. Essa restrição deve ser feita usando os atributos do elemento `input`",
              "timedOut": null,
              "duration": 4384,
              "state": "failed",
              "speed": null,
              "pass": false,
              "fail": true,
              "pending": false,
              "context": null,
              "code": "cy.get('#board-size[type=\\'number\\'][min=\\'1\\']');",
              "err": {
                "message": "CypressError: Timed out retrying: Expected to find element: '#board-size[type='number'][min='1']', but never found it.",
                "estack": "CypressError: Timed out retrying: Expected to find element: '#board-size[type='number'][min='1']', but never found it.\n    at cypressErr (http://localhost:40979/__cypress/runner/cypress_runner.js:149934:9)\n    at throwErr (http://localhost:40979/__cypress/runner/cypress_runner.js:149867:11)\n    at Object.throwErrByPath (http://localhost:40979/__cypress/runner/cypress_runner.js:149915:3)\n    at retry (http://localhost:40979/__cypress/runner/cypress_runner.js:144197:19)\n    at onFailFn (http://localhost:40979/__cypress/runner/cypress_runner.js:132448:16)\n    at tryCatcher (http://localhost:40979/__cypress/runner/cypress_runner.js:167415:23)\n    at Promise._settlePromiseFromHandler (http://localhost:40979/__cypress/runner/cypress_runner.js:165351:31)\n    at Promise._settlePromise (http://localhost:40979/__cypress/runner/cypress_runner.js:165408:18)\n    at Promise._settlePromise0 (http://localhost:40979/__cypress/runner/cypress_runner.js:165453:10)\n    at Promise._settlePromises (http://localhost:40979/__cypress/runner/cypress_runner.js:165528:18)\n    at Async../node_modules/bluebird/js/release/async.js.Async._drainQueue (http://localhost:40979/__cypress/runner/cypress_runner.js:162140:16)\n    at Async../node_modules/bluebird/js/release/async.js.Async._drainQueues (http://localhost:40979/__cypress/runner/cypress_runner.js:162150:10)\n    at Async.drainQueues (http://localhost:40979/__cypress/runner/cypress_runner.js:162024:14)",
                "diff": null
              },
              "uuid": "e0a14783-88a7-4ce1-9777-661e116519e8",
              "parentUUID": "e51bf6f8-f9b8-4558-bb3d-c2e6ba2230a7",
              "isHook": false,
              "skipped": false
            },
            {
              "title": "Verifica se o botão contém o texto 'VQV'",
              "fullTitle": "10 - Faça o quadro de pixels ter seu tamanho definido pelo usuário. Verifica se o botão contém o texto 'VQV'",
              "timedOut": null,
              "duration": 4359,
              "state": "failed",
              "speed": null,
              "pass": false,
              "fail": true,
              "pending": false,
              "context": null,
              "code": "cy.get('#generate-board').contains(/vqv/i);",
              "err": {
                "message": "CypressError: Timed out retrying: Expected to find element: '#generate-board', but never found it.",
                "estack": "CypressError: Timed out retrying: Expected to find element: '#generate-board', but never found it.\n    at cypressErr (http://localhost:40979/__cypress/runner/cypress_runner.js:149934:9)\n    at throwErr (http://localhost:40979/__cypress/runner/cypress_runner.js:149867:11)\n    at Object.throwErrByPath (http://localhost:40979/__cypress/runner/cypress_runner.js:149915:3)\n    at retry (http://localhost:40979/__cypress/runner/cypress_runner.js:144197:19)\n    at onFailFn (http://localhost:40979/__cypress/runner/cypress_runner.js:132448:16)\n    at tryCatcher (http://localhost:40979/__cypress/runner/cypress_runner.js:167415:23)\n    at Promise._settlePromiseFromHandler (http://localhost:40979/__cypress/runner/cypress_runner.js:165351:31)\n    at Promise._settlePromise (http://localhost:40979/__cypress/runner/cypress_runner.js:165408:18)\n    at Promise._settlePromise0 (http://localhost:40979/__cypress/runner/cypress_runner.js:165453:10)\n    at Promise._settlePromises (http://localhost:40979/__cypress/runner/cypress_runner.js:165528:18)\n    at Async../node_modules/bluebird/js/release/async.js.Async._drainQueue (http://localhost:40979/__cypress/runner/cypress_runner.js:162140:16)\n    at Async../node_modules/bluebird/js/release/async.js.Async._drainQueues (http://localhost:40979/__cypress/runner/cypress_runner.js:162150:10)\n    at Async.drainQueues (http://localhost:40979/__cypress/runner/cypress_runner.js:162024:14)",
                "diff": null
              },
              "uuid": "8926b303-05e0-4af9-b6bb-b00307a031db",
              "parentUUID": "e51bf6f8-f9b8-4558-bb3d-c2e6ba2230a7",
              "isHook": false,
              "skipped": false
            },
            {
              "title": "Verifica se o input está posicionado entre a paleta de cores e o quadro de pixels",
              "fullTitle": "10 - Faça o quadro de pixels ter seu tamanho definido pelo usuário. Verifica se o input está posicionado entre a paleta de cores e o quadro de pixels",
              "timedOut": null,
              "duration": 4339,
              "state": "failed",
              "speed": null,
              "pass": false,
              "fail": true,
              "pending": false,
              "context": null,
              "code": "cy.get('#color-palette').then(function (palette) {\n  cy.get('#board-size').should('be.belowOf', palette);\n});\ncy.get('#board-size').then(function (palette) {\n  cy.get('#pixel-board').should('be.belowOf', palette);\n});",
              "err": {
                "message": "CypressError: Timed out retrying: Expected to find element: '#board-size', but never found it.",
                "estack": "CypressError: Timed out retrying: Expected to find element: '#board-size', but never found it.\n    at cypressErr (http://localhost:40979/__cypress/runner/cypress_runner.js:149934:9)\n    at throwErr (http://localhost:40979/__cypress/runner/cypress_runner.js:149867:11)\n    at Object.throwErrByPath (http://localhost:40979/__cypress/runner/cypress_runner.js:149915:3)\n    at retry (http://localhost:40979/__cypress/runner/cypress_runner.js:144197:19)\n    at onFailFn (http://localhost:40979/__cypress/runner/cypress_runner.js:132448:16)\n    at tryCatcher (http://localhost:40979/__cypress/runner/cypress_runner.js:167415:23)\n    at Promise._settlePromiseFromHandler (http://localhost:40979/__cypress/runner/cypress_runner.js:165351:31)\n    at Promise._settlePromise (http://localhost:40979/__cypress/runner/cypress_runner.js:165408:18)\n    at Promise._settlePromise0 (http://localhost:40979/__cypress/runner/cypress_runner.js:165453:10)\n    at Promise._settlePromises (http://localhost:40979/__cypress/runner/cypress_runner.js:165528:18)\n    at Async../node_modules/bluebird/js/release/async.js.Async._drainQueue (http://localhost:40979/__cypress/runner/cypress_runner.js:162140:16)\n    at Async../node_modules/bluebird/js/release/async.js.Async._drainQueues (http://localhost:40979/__cypress/runner/cypress_runner.js:162150:10)\n    at Async.drainQueues (http://localhost:40979/__cypress/runner/cypress_runner.js:162024:14)",
                "diff": null
              },
              "uuid": "fda4a31d-c730-4372-97ee-9684e426497f",
              "parentUUID": "e51bf6f8-f9b8-4558-bb3d-c2e6ba2230a7",
              "isHook": false,
              "skipped": false
            },
            {
              "title": "Verifica se o botão está posicionado ao lado do input",
              "fullTitle": "10 - Faça o quadro de pixels ter seu tamanho definido pelo usuário. Verifica se o botão está posicionado ao lado do input",
              "timedOut": null,
              "duration": 4379,
              "state": "failed",
              "speed": null,
              "pass": false,
              "fail": true,
              "pending": false,
              "context": null,
              "code": "cy.get('#board-size').then(function (board) {\n  cy.get('#generate-board').should('be.onTheRightOf', board);\n});",
              "err": {
                "message": "CypressError: Timed out retrying: Expected to find element: '#board-size', but never found it.",
                "estack": "CypressError: Timed out retrying: Expected to find element: '#board-size', but never found it.\n    at cypressErr (http://localhost:40979/__cypress/runner/cypress_runner.js:149934:9)\n    at throwErr (http://localhost:40979/__cypress/runner/cypress_runner.js:149867:11)\n    at Object.throwErrByPath (http://localhost:40979/__cypress/runner/cypress_runner.js:149915:3)\n    at retry (http://localhost:40979/__cypress/runner/cypress_runner.js:144197:19)\n    at onFailFn (http://localhost:40979/__cypress/runner/cypress_runner.js:132448:16)\n    at tryCatcher (http://localhost:40979/__cypress/runner/cypress_runner.js:167415:23)\n    at Promise._settlePromiseFromHandler (http://localhost:40979/__cypress/runner/cypress_runner.js:165351:31)\n    at Promise._settlePromise (http://localhost:40979/__cypress/runner/cypress_runner.js:165408:18)\n    at Promise._settlePromise0 (http://localhost:40979/__cypress/runner/cypress_runner.js:165453:10)\n    at Promise._settlePromises (http://localhost:40979/__cypress/runner/cypress_runner.js:165528:18)\n    at Async../node_modules/bluebird/js/release/async.js.Async._drainQueue (http://localhost:40979/__cypress/runner/cypress_runner.js:162140:16)\n    at Async../node_modules/bluebird/js/release/async.js.Async._drainQueues (http://localhost:40979/__cypress/runner/cypress_runner.js:162150:10)\n    at Async.drainQueues (http://localhost:40979/__cypress/runner/cypress_runner.js:162024:14)",
                "diff": null
              },
              "uuid": "b659fc90-d6a5-4e8f-a914-b1db3e834b47",
              "parentUUID": "e51bf6f8-f9b8-4558-bb3d-c2e6ba2230a7",
              "isHook": false,
              "skipped": false
            },
            {
              "title": "Verifica se nenhum valor for colocado no input ao clicar no botão, um `alert` é exibido com o texto: 'Board inválido!'",
              "fullTitle": "10 - Faça o quadro de pixels ter seu tamanho definido pelo usuário. Verifica se nenhum valor for colocado no input ao clicar no botão, um `alert` é exibido com o texto: 'Board inválido!'",
              "timedOut": null,
              "duration": 4348,
              "state": "failed",
              "speed": null,
              "pass": false,
              "fail": true,
              "pending": false,
              "context": null,
              "code": "var alerted = false;\ncy.on('window:alert', function (msg) {\n  return alerted = msg;\n});\ncy.get('#generate-board').click().then(function () {\n  return expect(alerted).to.match(/Board inválido!/i);\n});",
              "err": {
                "message": "CypressError: Timed out retrying: Expected to find element: '#generate-board', but never found it.",
                "estack": "CypressError: Timed out retrying: Expected to find element: '#generate-board', but never found it.\n    at cypressErr (http://localhost:40979/__cypress/runner/cypress_runner.js:149934:9)\n    at throwErr (http://localhost:40979/__cypress/runner/cypress_runner.js:149867:11)\n    at Object.throwErrByPath (http://localhost:40979/__cypress/runner/cypress_runner.js:149915:3)\n    at retry (http://localhost:40979/__cypress/runner/cypress_runner.js:144197:19)\n    at onFailFn (http://localhost:40979/__cypress/runner/cypress_runner.js:132448:16)\n    at tryCatcher (http://localhost:40979/__cypress/runner/cypress_runner.js:167415:23)\n    at Promise._settlePromiseFromHandler (http://localhost:40979/__cypress/runner/cypress_runner.js:165351:31)\n    at Promise._settlePromise (http://localhost:40979/__cypress/runner/cypress_runner.js:165408:18)\n    at Promise._settlePromise0 (http://localhost:40979/__cypress/runner/cypress_runner.js:165453:10)\n    at Promise._settlePromises (http://localhost:40979/__cypress/runner/cypress_runner.js:165528:18)\n    at Async../node_modules/bluebird/js/release/async.js.Async._drainQueue (http://localhost:40979/__cypress/runner/cypress_runner.js:162140:16)\n    at Async../node_modules/bluebird/js/release/async.js.Async._drainQueues (http://localhost:40979/__cypress/runner/cypress_runner.js:162150:10)\n    at Async.drainQueues (http://localhost:40979/__cypress/runner/cypress_runner.js:162024:14)",
                "diff": null
              },
              "uuid": "9caadd42-d935-47fc-b304-e0d1d4ccaaee",
              "parentUUID": "e51bf6f8-f9b8-4558-bb3d-c2e6ba2230a7",
              "isHook": false,
              "skipped": false
            },
            {
              "title": "Verifica se ao clicar no botão com um valor preenchido, o tamanho do board muda.",
              "fullTitle": "10 - Faça o quadro de pixels ter seu tamanho definido pelo usuário. Verifica se ao clicar no botão com um valor preenchido, o tamanho do board muda.",
              "timedOut": null,
              "duration": 4420,
              "state": "failed",
              "speed": null,
              "pass": false,
              "fail": true,
              "pending": false,
              "context": null,
              "code": "cy.get('#board-size').clear().type(10);\ncy.get('#generate-board').click();\ncy.get('.pixel').should('have.length', 100);",
              "err": {
                "message": "CypressError: Timed out retrying: Expected to find element: '#board-size', but never found it.",
                "estack": "CypressError: Timed out retrying: Expected to find element: '#board-size', but never found it.\n    at cypressErr (http://localhost:40979/__cypress/runner/cypress_runner.js:149934:9)\n    at throwErr (http://localhost:40979/__cypress/runner/cypress_runner.js:149867:11)\n    at Object.throwErrByPath (http://localhost:40979/__cypress/runner/cypress_runner.js:149915:3)\n    at retry (http://localhost:40979/__cypress/runner/cypress_runner.js:144197:19)\n    at onFailFn (http://localhost:40979/__cypress/runner/cypress_runner.js:132448:16)\n    at tryCatcher (http://localhost:40979/__cypress/runner/cypress_runner.js:167415:23)\n    at Promise._settlePromiseFromHandler (http://localhost:40979/__cypress/runner/cypress_runner.js:165351:31)\n    at Promise._settlePromise (http://localhost:40979/__cypress/runner/cypress_runner.js:165408:18)\n    at Promise._settlePromise0 (http://localhost:40979/__cypress/runner/cypress_runner.js:165453:10)\n    at Promise._settlePromises (http://localhost:40979/__cypress/runner/cypress_runner.js:165528:18)\n    at Async../node_modules/bluebird/js/release/async.js.Async._drainQueue (http://localhost:40979/__cypress/runner/cypress_runner.js:162140:16)\n    at Async../node_modules/bluebird/js/release/async.js.Async._drainQueues (http://localhost:40979/__cypress/runner/cypress_runner.js:162150:10)\n    at Async.drainQueues (http://localhost:40979/__cypress/runner/cypress_runner.js:162024:14)",
                "diff": null
              },
              "uuid": "83c87ae0-6e8f-4896-91b4-47c21ffc605c",
              "parentUUID": "e51bf6f8-f9b8-4558-bb3d-c2e6ba2230a7",
              "isHook": false,
              "skipped": false
            },
            {
              "title": "Verifica se o novo quadro tem todos os pixels preenchidos com a cor branca",
              "fullTitle": "10 - Faça o quadro de pixels ter seu tamanho definido pelo usuário. Verifica se o novo quadro tem todos os pixels preenchidos com a cor branca",
              "timedOut": null,
              "duration": 4419,
              "state": "failed",
              "speed": null,
              "pass": false,
              "fail": true,
              "pending": false,
              "context": null,
              "code": "cy.get('#board-size').clear().type(6);\ncy.get('#generate-board').click();\ncy.get('.pixel').should('have.length', 36).each(function (pixel) {\n  expect(pixel).to.have.css('background-color', WHITE);\n});",
              "err": {
                "message": "CypressError: Timed out retrying: Expected to find element: '#board-size', but never found it.",
                "estack": "CypressError: Timed out retrying: Expected to find element: '#board-size', but never found it.\n    at cypressErr (http://localhost:40979/__cypress/runner/cypress_runner.js:149934:9)\n    at throwErr (http://localhost:40979/__cypress/runner/cypress_runner.js:149867:11)\n    at Object.throwErrByPath (http://localhost:40979/__cypress/runner/cypress_runner.js:149915:3)\n    at retry (http://localhost:40979/__cypress/runner/cypress_runner.js:144197:19)\n    at onFailFn (http://localhost:40979/__cypress/runner/cypress_runner.js:132448:16)\n    at tryCatcher (http://localhost:40979/__cypress/runner/cypress_runner.js:167415:23)\n    at Promise._settlePromiseFromHandler (http://localhost:40979/__cypress/runner/cypress_runner.js:165351:31)\n    at Promise._settlePromise (http://localhost:40979/__cypress/runner/cypress_runner.js:165408:18)\n    at Promise._settlePromise0 (http://localhost:40979/__cypress/runner/cypress_runner.js:165453:10)\n    at Promise._settlePromises (http://localhost:40979/__cypress/runner/cypress_runner.js:165528:18)\n    at Async../node_modules/bluebird/js/release/async.js.Async._drainQueue (http://localhost:40979/__cypress/runner/cypress_runner.js:162140:16)\n    at Async../node_modules/bluebird/js/release/async.js.Async._drainQueues (http://localhost:40979/__cypress/runner/cypress_runner.js:162150:10)\n    at Async.drainQueues (http://localhost:40979/__cypress/runner/cypress_runner.js:162024:14)",
                "diff": null
              },
              "uuid": "cf98b482-2804-48b7-8901-b06340104f89",
              "parentUUID": "e51bf6f8-f9b8-4558-bb3d-c2e6ba2230a7",
              "isHook": false,
              "skipped": false
            }
          ],
          "suites": [],
          "passes": [],
          "failures": [
            "cca93888-9726-4ad0-b1f4-67a9230bf181",
            "a24ff533-8716-42bb-a3b2-9f7efc224e3e",
            "e0a14783-88a7-4ce1-9777-661e116519e8",
            "8926b303-05e0-4af9-b6bb-b00307a031db",
            "fda4a31d-c730-4372-97ee-9684e426497f",
            "b659fc90-d6a5-4e8f-a914-b1db3e834b47",
            "9caadd42-d935-47fc-b304-e0d1d4ccaaee",
            "83c87ae0-6e8f-4896-91b4-47c21ffc605c",
            "cf98b482-2804-48b7-8901-b06340104f89"
          ],
          "pending": [],
          "skipped": [],
          "duration": 39413,
          "root": false,
          "rootEmpty": false,
          "_timeout": 2000
        },
        {
          "uuid": "06802d37-c2be-4d6f-afea-4559f7fc8f7c",
          "title": "11 - Limite o tamanho mínimo e máximo do board.",
          "fullFile": "",
          "file": "",
          "beforeHooks": [],
          "afterHooks": [],
          "tests": [
            {
              "title": "Verifica se a altura máxima do board é 50",
              "fullTitle": "11 - Limite o tamanho mínimo e máximo do board. Verifica se a altura máxima do board é 50",
              "timedOut": null,
              "duration": 4414,
              "state": "failed",
              "speed": null,
              "pass": false,
              "fail": true,
              "pending": false,
              "context": null,
              "code": "cy.get('#board-size').clear().type(50);\ncy.get('#generate-board').click();\ncy.get('.pixel').should('have.length', 2500);",
              "err": {
                "message": "CypressError: Timed out retrying: Expected to find element: '#board-size', but never found it.",
                "estack": "CypressError: Timed out retrying: Expected to find element: '#board-size', but never found it.\n    at cypressErr (http://localhost:40979/__cypress/runner/cypress_runner.js:149934:9)\n    at throwErr (http://localhost:40979/__cypress/runner/cypress_runner.js:149867:11)\n    at Object.throwErrByPath (http://localhost:40979/__cypress/runner/cypress_runner.js:149915:3)\n    at retry (http://localhost:40979/__cypress/runner/cypress_runner.js:144197:19)\n    at onFailFn (http://localhost:40979/__cypress/runner/cypress_runner.js:132448:16)\n    at tryCatcher (http://localhost:40979/__cypress/runner/cypress_runner.js:167415:23)\n    at Promise._settlePromiseFromHandler (http://localhost:40979/__cypress/runner/cypress_runner.js:165351:31)\n    at Promise._settlePromise (http://localhost:40979/__cypress/runner/cypress_runner.js:165408:18)\n    at Promise._settlePromise0 (http://localhost:40979/__cypress/runner/cypress_runner.js:165453:10)\n    at Promise._settlePromises (http://localhost:40979/__cypress/runner/cypress_runner.js:165528:18)\n    at Async../node_modules/bluebird/js/release/async.js.Async._drainQueue (http://localhost:40979/__cypress/runner/cypress_runner.js:162140:16)\n    at Async../node_modules/bluebird/js/release/async.js.Async._drainQueues (http://localhost:40979/__cypress/runner/cypress_runner.js:162150:10)\n    at Async.drainQueues (http://localhost:40979/__cypress/runner/cypress_runner.js:162024:14)",
                "diff": null
              },
              "uuid": "90eba4b2-a995-4f58-8f34-6bf7608449a8",
              "parentUUID": "06802d37-c2be-4d6f-afea-4559f7fc8f7c",
              "isHook": false,
              "skipped": false
            },
            {
              "title": "Verifica se a altura do board é 5 quando um valor menor é colocado no input",
              "fullTitle": "11 - Limite o tamanho mínimo e máximo do board. Verifica se a altura do board é 5 quando um valor menor é colocado no input",
              "timedOut": null,
              "duration": 4407,
              "state": "failed",
              "speed": null,
              "pass": false,
              "fail": true,
              "pending": false,
              "context": null,
              "code": "cy.get('#board-size').clear().type(4);\ncy.get('#generate-board').click();\ncy.get('.pixel').should('have.length', 25);",
              "err": {
                "message": "CypressError: Timed out retrying: Expected to find element: '#board-size', but never found it.",
                "estack": "CypressError: Timed out retrying: Expected to find element: '#board-size', but never found it.\n    at cypressErr (http://localhost:40979/__cypress/runner/cypress_runner.js:149934:9)\n    at throwErr (http://localhost:40979/__cypress/runner/cypress_runner.js:149867:11)\n    at Object.throwErrByPath (http://localhost:40979/__cypress/runner/cypress_runner.js:149915:3)\n    at retry (http://localhost:40979/__cypress/runner/cypress_runner.js:144197:19)\n    at onFailFn (http://localhost:40979/__cypress/runner/cypress_runner.js:132448:16)\n    at tryCatcher (http://localhost:40979/__cypress/runner/cypress_runner.js:167415:23)\n    at Promise._settlePromiseFromHandler (http://localhost:40979/__cypress/runner/cypress_runner.js:165351:31)\n    at Promise._settlePromise (http://localhost:40979/__cypress/runner/cypress_runner.js:165408:18)\n    at Promise._settlePromise0 (http://localhost:40979/__cypress/runner/cypress_runner.js:165453:10)\n    at Promise._settlePromises (http://localhost:40979/__cypress/runner/cypress_runner.js:165528:18)\n    at Async../node_modules/bluebird/js/release/async.js.Async._drainQueue (http://localhost:40979/__cypress/runner/cypress_runner.js:162140:16)\n    at Async../node_modules/bluebird/js/release/async.js.Async._drainQueues (http://localhost:40979/__cypress/runner/cypress_runner.js:162150:10)\n    at Async.drainQueues (http://localhost:40979/__cypress/runner/cypress_runner.js:162024:14)",
                "diff": null
              },
              "uuid": "07d5b7d9-7ddf-4c60-ab23-1597b47d00f2",
              "parentUUID": "06802d37-c2be-4d6f-afea-4559f7fc8f7c",
              "isHook": false,
              "skipped": false
            },
            {
              "title": "Verifica se a altura do board é 50 quando um valor maior é colocado no input",
              "fullTitle": "11 - Limite o tamanho mínimo e máximo do board. Verifica se a altura do board é 50 quando um valor maior é colocado no input",
              "timedOut": null,
              "duration": 4364,
              "state": "failed",
              "speed": null,
              "pass": false,
              "fail": true,
              "pending": false,
              "context": null,
              "code": "cy.get('#board-size').clear().type(51);\ncy.get('#generate-board').click();\ncy.get('.pixel').should('have.length', 2500);",
              "err": {
                "message": "CypressError: Timed out retrying: Expected to find element: '#board-size', but never found it.",
                "estack": "CypressError: Timed out retrying: Expected to find element: '#board-size', but never found it.\n    at cypressErr (http://localhost:40979/__cypress/runner/cypress_runner.js:149934:9)\n    at throwErr (http://localhost:40979/__cypress/runner/cypress_runner.js:149867:11)\n    at Object.throwErrByPath (http://localhost:40979/__cypress/runner/cypress_runner.js:149915:3)\n    at retry (http://localhost:40979/__cypress/runner/cypress_runner.js:144197:19)\n    at onFailFn (http://localhost:40979/__cypress/runner/cypress_runner.js:132448:16)\n    at tryCatcher (http://localhost:40979/__cypress/runner/cypress_runner.js:167415:23)\n    at Promise._settlePromiseFromHandler (http://localhost:40979/__cypress/runner/cypress_runner.js:165351:31)\n    at Promise._settlePromise (http://localhost:40979/__cypress/runner/cypress_runner.js:165408:18)\n    at Promise._settlePromise0 (http://localhost:40979/__cypress/runner/cypress_runner.js:165453:10)\n    at Promise._settlePromises (http://localhost:40979/__cypress/runner/cypress_runner.js:165528:18)\n    at Async../node_modules/bluebird/js/release/async.js.Async._drainQueue (http://localhost:40979/__cypress/runner/cypress_runner.js:162140:16)\n    at Async../node_modules/bluebird/js/release/async.js.Async._drainQueues (http://localhost:40979/__cypress/runner/cypress_runner.js:162150:10)\n    at Async.drainQueues (http://localhost:40979/__cypress/runner/cypress_runner.js:162024:14)",
                "diff": null
              },
              "uuid": "232d8b30-bd93-443e-8a23-13da4d9f8990",
              "parentUUID": "06802d37-c2be-4d6f-afea-4559f7fc8f7c",
              "isHook": false,
              "skipped": false
            }
          ],
          "suites": [],
          "passes": [],
          "failures": [
            "90eba4b2-a995-4f58-8f34-6bf7608449a8",
            "07d5b7d9-7ddf-4c60-ab23-1597b47d00f2",
            "232d8b30-bd93-443e-8a23-13da4d9f8990"
          ],
          "pending": [],
          "skipped": [],
          "duration": 13185,
          "root": false,
          "rootEmpty": false,
          "_timeout": 2000
        },
        {
          "uuid": "6de5fed8-a8ad-4cc2-9d15-f6386f1b74c4",
          "title": "12 - Faça com que as cores da paleta sejam geradas aleatoriamente ao carregar a página.",
          "fullFile": "",
          "file": "",
          "beforeHooks": [],
          "afterHooks": [],
          "tests": [
            {
              "title": "Verifica se as cores geradas na paleta são diferentes a cada carregamento da página",
              "fullTitle": "12 - Faça com que as cores da paleta sejam geradas aleatoriamente ao carregar a página. Verifica se as cores geradas na paleta são diferentes a cada carregamento da página",
              "timedOut": null,
              "duration": 561,
              "state": "failed",
              "speed": null,
              "pass": false,
              "fail": true,
              "pending": false,
              "context": null,
              "code": "cy.get('.color').then(function (colors) {\n  var currentColors;\n  var previousColors;\n  previousColors = Array.from(colors).map(function (color) {\n    return Cypress.$(color).css('background-color');\n  });\n  for (var i = 0; i < 5; i += 1) {\n    cy.reload();\n    cy.get('.color').then(function (colors) {\n      currentColors = Array.from(colors).map(function (color) {\n        return Cypress.$(color).css('background-color');\n      });\n      expect(currentColors).not.to.deep.equal(previousColors);\n      previousColors = currentColors;\n    });\n  }\n});",
              "err": {
                "message": "AssertionError: expected [ Array(4) ] to not deeply equal [ Array(4) ]",
                "estack": "AssertionError: expected [ Array(4) ] to not deeply equal [ Array(4) ]\n    at getRet (http://localhost:40979/__cypress/runner/cypress_runner.js:136585:16)\n    at tryCatcher (http://localhost:40979/__cypress/runner/cypress_runner.js:167415:23)\n    at Function.Promise.attempt.Promise.try (http://localhost:40979/__cypress/runner/cypress_runner.js:164690:29)\n    at Context.thenFn (http://localhost:40979/__cypress/runner/cypress_runner.js:136599:23)\n    at Context.then (http://localhost:40979/__cypress/runner/cypress_runner.js:136971:21)\n    at Context.<anonymous> (http://localhost:40979/__cypress/runner/cypress_runner.js:148875:21)\n    at http://localhost:40979/__cypress/runner/cypress_runner.js:148351:33\n    at tryCatcher (http://localhost:40979/__cypress/runner/cypress_runner.js:167415:23)\n    at Promise._settlePromiseFromHandler (http://localhost:40979/__cypress/runner/cypress_runner.js:165351:31)\n    at Promise._settlePromise (http://localhost:40979/__cypress/runner/cypress_runner.js:165408:18)\n    at Promise._settlePromiseCtx (http://localhost:40979/__cypress/runner/cypress_runner.js:165445:10)\n    at Async../node_modules/bluebird/js/release/async.js.Async._drainQueue (http://localhost:40979/__cypress/runner/cypress_runner.js:162145:12)\n    at Async../node_modules/bluebird/js/release/async.js.Async._drainQueues (http://localhost:40979/__cypress/runner/cypress_runner.js:162150:10)\n    at Async.drainQueues (http://localhost:40979/__cypress/runner/cypress_runner.js:162024:14)",
                "diff": ""
              },
              "uuid": "03159e16-7ea0-4bd3-84d1-2ce619db55c1",
              "parentUUID": "6de5fed8-a8ad-4cc2-9d15-f6386f1b74c4",
              "isHook": false,
              "skipped": false
            },
            {
              "title": "Verifica se a cor preta ainda está presente e é a primeira na sua paleta de cores",
              "fullTitle": "12 - Faça com que as cores da paleta sejam geradas aleatoriamente ao carregar a página. Verifica se a cor preta ainda está presente e é a primeira na sua paleta de cores",
              "timedOut": null,
              "duration": 542,
              "state": "failed",
              "speed": null,
              "pass": false,
              "fail": true,
              "pending": false,
              "context": null,
              "code": "cy.get('.color').then(function (colors) {\n  var currentColors;\n  var previousColors;\n  previousColors = Array.from(colors).map(function (color) {\n    return Cypress.$(color).css('background-color');\n  });\n  expect(previousColors[0]).to.eq(BLACK);\n  for (var i = 0; i < 5; i += 1) {\n    cy.reload();\n    cy.get('.color').then(function (colors) {\n      currentColors = Array.from(colors).map(function (color) {\n        return Cypress.$(color).css('background-color');\n      });\n      expect(currentColors[0]).to.eq(BLACK);\n      expect(currentColors).not.to.deep.equal(previousColors);\n      previousColors = currentColors;\n    });\n  }\n});",
              "err": {
                "message": "AssertionError: expected [ Array(4) ] to not deeply equal [ Array(4) ]",
                "estack": "AssertionError: expected [ Array(4) ] to not deeply equal [ Array(4) ]\n    at getRet (http://localhost:40979/__cypress/runner/cypress_runner.js:136585:16)\n    at tryCatcher (http://localhost:40979/__cypress/runner/cypress_runner.js:167415:23)\n    at Function.Promise.attempt.Promise.try (http://localhost:40979/__cypress/runner/cypress_runner.js:164690:29)\n    at Context.thenFn (http://localhost:40979/__cypress/runner/cypress_runner.js:136599:23)\n    at Context.then (http://localhost:40979/__cypress/runner/cypress_runner.js:136971:21)\n    at Context.<anonymous> (http://localhost:40979/__cypress/runner/cypress_runner.js:148875:21)\n    at http://localhost:40979/__cypress/runner/cypress_runner.js:148351:33\n    at tryCatcher (http://localhost:40979/__cypress/runner/cypress_runner.js:167415:23)\n    at Promise._settlePromiseFromHandler (http://localhost:40979/__cypress/runner/cypress_runner.js:165351:31)\n    at Promise._settlePromise (http://localhost:40979/__cypress/runner/cypress_runner.js:165408:18)\n    at Promise._settlePromiseCtx (http://localhost:40979/__cypress/runner/cypress_runner.js:165445:10)\n    at Async../node_modules/bluebird/js/release/async.js.Async._drainQueue (http://localhost:40979/__cypress/runner/cypress_runner.js:162145:12)\n    at Async../node_modules/bluebird/js/release/async.js.Async._drainQueues (http://localhost:40979/__cypress/runner/cypress_runner.js:162150:10)\n    at Async.drainQueues (http://localhost:40979/__cypress/runner/cypress_runner.js:162024:14)",
                "diff": ""
              },
              "uuid": "b07c775d-cfab-4b89-a414-81f9ba7ef8d9",
              "parentUUID": "6de5fed8-a8ad-4cc2-9d15-f6386f1b74c4",
              "isHook": false,
              "skipped": false
            }
          ],
          "suites": [],
          "passes": [],
          "failures": [
            "03159e16-7ea0-4bd3-84d1-2ce619db55c1",
            "b07c775d-cfab-4b89-a414-81f9ba7ef8d9"
          ],
          "pending": [],
          "skipped": [],
          "duration": 1103,
          "root": false,
          "rootEmpty": false,
          "_timeout": 2000
        }
      ],
      "passes": [],
      "failures": [],
      "pending": [],
      "skipped": [],
      "duration": 0,
      "root": true,
      "rootEmpty": true,
      "_timeout": 2000
    }
  ],
  "meta": {
    "mocha": {
      "version": "7.0.1"
    },
    "mochawesome": {
      "options": {
        "quiet": false,
        "reportFilename": "mochawesome",
        "saveHtml": false,
        "saveJson": true,
        "consoleReporter": "spec",
        "useInlineDiffs": false
      },
      "version": "4.1.0"
    },
    "marge": {
      "options": {
        "id": "default",
        "reportDir": "cypress/reports",
        "overwrite": true,
        "html": false,
        "json": true
      },
      "version": "4.1.0"
    }
  }
}