{
  "stats": {
    "suites": 12,
    "tests": 41,
    "passes": 23,
    "pending": 0,
    "failures": 18,
    "start": "2021-12-16T19:23:42.299Z",
    "end": "2021-12-16T19:25:18.868Z",
    "duration": 96569,
    "testsRegistered": 41,
    "passPercent": 56.09756097560976,
    "pendingPercent": 0,
    "other": 0,
    "hasOther": false,
    "skipped": 0,
    "hasSkipped": false
  },
  "results": [
    {
      "uuid": "798799b1-d1d7-4c42-8523-70da6db0ec60",
      "title": "",
      "fullFile": "cypress/integration/project.spec.js",
      "file": "cypress/integration/project.spec.js",
      "beforeHooks": [],
      "afterHooks": [],
      "tests": [],
      "suites": [
        {
          "uuid": "d8295a4d-409a-44b4-9e59-1a7b5abb5f7e",
          "title": "1 - Adicione à página o título \"Paleta de Cores\".",
          "fullFile": "",
          "file": "",
          "beforeHooks": [],
          "afterHooks": [],
          "tests": [
            {
              "title": "Verifica se contém um elemento `h1` com o id `title` com o título correto",
              "fullTitle": "1 - Adicione à página o título \"Paleta de Cores\". Verifica se contém um elemento `h1` com o id `title` com o título correto",
              "timedOut": null,
              "duration": 242,
              "state": "passed",
              "speed": "slow",
              "pass": true,
              "fail": false,
              "pending": false,
              "context": null,
              "code": "cy.get('h1#title').should('contain.text', 'Paleta de Cores');",
              "err": {},
              "uuid": "b2d8d2df-892e-4173-8e0c-280e5b40f30a",
              "parentUUID": "d8295a4d-409a-44b4-9e59-1a7b5abb5f7e",
              "isHook": false,
              "skipped": false
            }
          ],
          "suites": [],
          "passes": [
            "b2d8d2df-892e-4173-8e0c-280e5b40f30a"
          ],
          "failures": [],
          "pending": [],
          "skipped": [],
          "duration": 242,
          "root": false,
          "rootEmpty": false,
          "_timeout": 2000
        },
        {
          "uuid": "611c93e2-8c8c-45ed-b526-5e1d9289fd04",
          "title": "2 - Adicione à página uma paleta de quatro cores distintas.",
          "fullFile": "",
          "file": "",
          "beforeHooks": [],
          "afterHooks": [],
          "tests": [
            {
              "title": "A paleta de cores deve ser um elemento com `id` denominado `color-palette`",
              "fullTitle": "2 - Adicione à página uma paleta de quatro cores distintas. A paleta de cores deve ser um elemento com `id` denominado `color-palette`",
              "timedOut": null,
              "duration": 163,
              "state": "passed",
              "speed": "slow",
              "pass": true,
              "fail": false,
              "pending": false,
              "context": null,
              "code": "cy.get('#color-palette').should('be.visible');\ncy.get('#color-palette').children('.color');",
              "err": {},
              "uuid": "bf7f7876-7e18-46d2-8879-cfa22d30b706",
              "parentUUID": "611c93e2-8c8c-45ed-b526-5e1d9289fd04",
              "isHook": false,
              "skipped": false
            },
            {
              "title": "Verifica se cada cor individual da paleta de cores possui a `classe` chamada `color`.",
              "fullTitle": "2 - Adicione à página uma paleta de quatro cores distintas. Verifica se cada cor individual da paleta de cores possui a `classe` chamada `color`.",
              "timedOut": null,
              "duration": 158,
              "state": "passed",
              "speed": "slow",
              "pass": true,
              "fail": false,
              "pending": false,
              "context": null,
              "code": "cy.get('.color').should('have.length', 4).then(function (colors) {\n  for (var i = 0; i < colors.length; i++) {\n    cy.wrap(colors[i]).should('be.visible');\n  }\n});",
              "err": {},
              "uuid": "f0522313-cac6-4465-b684-c90be609b431",
              "parentUUID": "611c93e2-8c8c-45ed-b526-5e1d9289fd04",
              "isHook": false,
              "skipped": false
            },
            {
              "title": "Verifica se a cor de fundo de cada elemento da paleta é a cor que o elemento representa. **A única cor não permitida na paleta é a cor branca.**",
              "fullTitle": "2 - Adicione à página uma paleta de quatro cores distintas. Verifica se a cor de fundo de cada elemento da paleta é a cor que o elemento representa. **A única cor não permitida na paleta é a cor branca.**",
              "timedOut": null,
              "duration": 157,
              "state": "passed",
              "speed": "slow",
              "pass": true,
              "fail": false,
              "pending": false,
              "context": null,
              "code": "cy.get('.color').each(function (color) {\n  cy.wrap(color).should('have.class', 'color').and('not.have.css', 'background-color', WHITE);\n  cy.wrap(color).should('have.css', 'background-color');\n});",
              "err": {},
              "uuid": "e7796622-f1cd-4997-9ad4-989602840aa6",
              "parentUUID": "611c93e2-8c8c-45ed-b526-5e1d9289fd04",
              "isHook": false,
              "skipped": false
            },
            {
              "title": "Verifica se cada elemento da paleta de cores tem uma borda preta, sólida e com 1 pixel de largura;",
              "fullTitle": "2 - Adicione à página uma paleta de quatro cores distintas. Verifica se cada elemento da paleta de cores tem uma borda preta, sólida e com 1 pixel de largura;",
              "timedOut": null,
              "duration": 153,
              "state": "passed",
              "speed": "slow",
              "pass": true,
              "fail": false,
              "pending": false,
              "context": null,
              "code": "cy.get('.color').each(function (color) {\n  cy.wrap(color).and('have.css', 'border', \"1px solid \".concat(BLACK)).and('have.class', 'color');\n});",
              "err": {},
              "uuid": "0e7d5f7a-f076-4f4a-9580-e84143a3faac",
              "parentUUID": "611c93e2-8c8c-45ed-b526-5e1d9289fd04",
              "isHook": false,
              "skipped": false
            },
            {
              "title": "Verifica se a paleta lista todas as cores disponíveis para utilização, lado a lado.",
              "fullTitle": "2 - Adicione à página uma paleta de quatro cores distintas. Verifica se a paleta lista todas as cores disponíveis para utilização, lado a lado.",
              "timedOut": null,
              "duration": 113,
              "state": "passed",
              "speed": "slow",
              "pass": true,
              "fail": false,
              "pending": false,
              "context": null,
              "code": "cy.get('.color').then(function (colors) {\n  for (var index = 1; index < colors.length; index += 1) {\n    var currentColor = colors[index];\n    var previousColor = colors[index - 1];\n    cy.wrap(currentColor).should('be.onTheRightOf', previousColor).and('be.horizontallyAlignedWith', previousColor);\n  }\n});",
              "err": {},
              "uuid": "72ed9117-870a-48ca-8827-a7dfb14a79ec",
              "parentUUID": "611c93e2-8c8c-45ed-b526-5e1d9289fd04",
              "isHook": false,
              "skipped": false
            },
            {
              "title": "Verifica se a paleta de cores está posicionada abaixo do título 'Paleta de Cores'",
              "fullTitle": "2 - Adicione à página uma paleta de quatro cores distintas. Verifica se a paleta de cores está posicionada abaixo do título 'Paleta de Cores'",
              "timedOut": null,
              "duration": 121,
              "state": "passed",
              "speed": "slow",
              "pass": true,
              "fail": false,
              "pending": false,
              "context": null,
              "code": "cy.get('h1#title').then(function (title) {\n  cy.get('#color-palette').should('be.belowOf', title);\n});",
              "err": {},
              "uuid": "a8384248-c5b8-491f-a447-acb7ba285f87",
              "parentUUID": "611c93e2-8c8c-45ed-b526-5e1d9289fd04",
              "isHook": false,
              "skipped": false
            },
            {
              "title": "Verifica se a paleta de cores não contém cores repetidas.",
              "fullTitle": "2 - Adicione à página uma paleta de quatro cores distintas. Verifica se a paleta de cores não contém cores repetidas.",
              "timedOut": null,
              "duration": 136,
              "state": "passed",
              "speed": "slow",
              "pass": true,
              "fail": false,
              "pending": false,
              "context": null,
              "code": "cy.get('.color').then(function (colors) {\n  var allColors = Array.from(colors).map(function (color) {\n    return Cypress.$(color).css('background-color');\n  });\n  cy.log(allColors);\n  var uniqColors = (0, _toConsumableArray2[\"default\"])(new Set(allColors));\n  cy.log(uniqColors);\n  expect(allColors.length).to.eq(uniqColors.length);\n});",
              "err": {},
              "uuid": "d63e309c-9d92-4fdb-9b48-0a933d9c311f",
              "parentUUID": "611c93e2-8c8c-45ed-b526-5e1d9289fd04",
              "isHook": false,
              "skipped": false
            }
          ],
          "suites": [],
          "passes": [
            "bf7f7876-7e18-46d2-8879-cfa22d30b706",
            "f0522313-cac6-4465-b684-c90be609b431",
            "e7796622-f1cd-4997-9ad4-989602840aa6",
            "0e7d5f7a-f076-4f4a-9580-e84143a3faac",
            "72ed9117-870a-48ca-8827-a7dfb14a79ec",
            "a8384248-c5b8-491f-a447-acb7ba285f87",
            "d63e309c-9d92-4fdb-9b48-0a933d9c311f"
          ],
          "failures": [],
          "pending": [],
          "skipped": [],
          "duration": 1001,
          "root": false,
          "rootEmpty": false,
          "_timeout": 2000
        },
        {
          "uuid": "214051b5-92bf-49b4-b27f-5eddce08af7c",
          "title": "3 - Adicione a cor **preta** como a primeira cor da paleta de cores.",
          "fullFile": "",
          "file": "",
          "beforeHooks": [],
          "afterHooks": [],
          "tests": [
            {
              "title": "Verifica se a primeira cor da paleta é preta",
              "fullTitle": "3 - Adicione a cor **preta** como a primeira cor da paleta de cores. Verifica se a primeira cor da paleta é preta",
              "timedOut": null,
              "duration": 142,
              "state": "passed",
              "speed": "slow",
              "pass": true,
              "fail": false,
              "pending": false,
              "context": null,
              "code": "cy.get('.color').first().should('have.css', 'background-color', BLACK);",
              "err": {},
              "uuid": "0749494e-0b3c-4aed-9828-5abca636fd5a",
              "parentUUID": "214051b5-92bf-49b4-b27f-5eddce08af7c",
              "isHook": false,
              "skipped": false
            },
            {
              "title": "Verifica se as demais cores podem ser escolhidas livremente.",
              "fullTitle": "3 - Adicione a cor **preta** como a primeira cor da paleta de cores. Verifica se as demais cores podem ser escolhidas livremente.",
              "timedOut": null,
              "duration": 176,
              "state": "passed",
              "speed": "slow",
              "pass": true,
              "fail": false,
              "pending": false,
              "context": null,
              "code": "cy.get('.color').eq(1).should('not.have.css', 'background-color', BLACK);\ncy.get('.color').eq(1).should('not.have.css', 'background-color', WHITE);\ncy.get('.color').eq(1).should('not.have.css', 'background-color', 'rgba(0, 0, 0, 0)');\ncy.get('.color').eq(1).should('have.css', 'background-color');\ncy.get('.color').eq(2).should('not.have.css', 'background-color', BLACK);\ncy.get('.color').eq(2).should('not.have.css', 'background-color', WHITE);\ncy.get('.color').eq(2).should('not.have.css', 'background-color', 'rgba(0, 0, 0, 0)');\ncy.get('.color').eq(2).should('have.css', 'background-color');\ncy.get('.color').eq(3).should('not.have.css', 'background-color', BLACK);\ncy.get('.color').eq(3).should('not.have.css', 'background-color', WHITE);\ncy.get('.color').eq(3).should('not.have.css', 'background-color', 'rgba(0, 0, 0, 0)');\ncy.get('.color').eq(3).should('have.css', 'background-color');",
              "err": {},
              "uuid": "eadb4108-2e4c-4364-b8c4-53ad1eb92658",
              "parentUUID": "214051b5-92bf-49b4-b27f-5eddce08af7c",
              "isHook": false,
              "skipped": false
            }
          ],
          "suites": [],
          "passes": [
            "0749494e-0b3c-4aed-9828-5abca636fd5a",
            "eadb4108-2e4c-4364-b8c4-53ad1eb92658"
          ],
          "failures": [],
          "pending": [],
          "skipped": [],
          "duration": 318,
          "root": false,
          "rootEmpty": false,
          "_timeout": 2000
        },
        {
          "uuid": "9dbc6506-4002-41a6-b99c-50862a0d3fbd",
          "title": "4 - Adicione à página um quadro de pixels, com 25 pixels.",
          "fullFile": "",
          "file": "",
          "beforeHooks": [],
          "afterHooks": [],
          "tests": [
            {
              "title": "Verifica se o quadro de pixels possui o `id` denominado `pixel-board`",
              "fullTitle": "4 - Adicione à página um quadro de pixels, com 25 pixels. Verifica se o quadro de pixels possui o `id` denominado `pixel-board`",
              "timedOut": null,
              "duration": 136,
              "state": "passed",
              "speed": "slow",
              "pass": true,
              "fail": false,
              "pending": false,
              "context": null,
              "code": "cy.get('#pixel-board').should('be.visible');",
              "err": {},
              "uuid": "92caecdc-8f27-48ef-9baa-9a89aa81a103",
              "parentUUID": "9dbc6506-4002-41a6-b99c-50862a0d3fbd",
              "isHook": false,
              "skipped": false
            },
            {
              "title": "Verifica se cada pixel individual dentro do quadro possui a `classe` denominada `pixel`.",
              "fullTitle": "4 - Adicione à página um quadro de pixels, com 25 pixels. Verifica se cada pixel individual dentro do quadro possui a `classe` denominada `pixel`.",
              "timedOut": null,
              "duration": 111,
              "state": "passed",
              "speed": "slow",
              "pass": true,
              "fail": false,
              "pending": false,
              "context": null,
              "code": "cy.get('.pixel').should('have.length', 25);",
              "err": {},
              "uuid": "4d35a52e-9418-4c42-bc70-9224e2c100d2",
              "parentUUID": "9dbc6506-4002-41a6-b99c-50862a0d3fbd",
              "isHook": false,
              "skipped": false
            },
            {
              "title": "Verifica se a cor inicial dos pixels dentro do quadro, ao abrir a página, é branca.",
              "fullTitle": "4 - Adicione à página um quadro de pixels, com 25 pixels. Verifica se a cor inicial dos pixels dentro do quadro, ao abrir a página, é branca.",
              "timedOut": null,
              "duration": 178,
              "state": "passed",
              "speed": "slow",
              "pass": true,
              "fail": false,
              "pending": false,
              "context": null,
              "code": "cy.get('.pixel').should('have.length', 25).each(function (pixel) {\n  expect(pixel).to.have.css('background-color', WHITE);\n});",
              "err": {},
              "uuid": "db1a50a1-b678-41be-b0b8-03eb018c89ac",
              "parentUUID": "9dbc6506-4002-41a6-b99c-50862a0d3fbd",
              "isHook": false,
              "skipped": false
            },
            {
              "title": "Verifica se o quadro de pixels aparece abaixo da paleta de cores",
              "fullTitle": "4 - Adicione à página um quadro de pixels, com 25 pixels. Verifica se o quadro de pixels aparece abaixo da paleta de cores",
              "timedOut": null,
              "duration": 79,
              "state": "passed",
              "speed": "slow",
              "pass": true,
              "fail": false,
              "pending": false,
              "context": null,
              "code": "cy.get('#color-palette').then(function (palette) {\n  cy.get('#pixel-board').should('be.belowOf', palette);\n});",
              "err": {},
              "uuid": "0581b5c1-8367-4528-b49e-e4706068aa05",
              "parentUUID": "9dbc6506-4002-41a6-b99c-50862a0d3fbd",
              "isHook": false,
              "skipped": false
            }
          ],
          "suites": [],
          "passes": [
            "92caecdc-8f27-48ef-9baa-9a89aa81a103",
            "4d35a52e-9418-4c42-bc70-9224e2c100d2",
            "db1a50a1-b678-41be-b0b8-03eb018c89ac",
            "0581b5c1-8367-4528-b49e-e4706068aa05"
          ],
          "failures": [],
          "pending": [],
          "skipped": [],
          "duration": 504,
          "root": false,
          "rootEmpty": false,
          "_timeout": 2000
        },
        {
          "uuid": "72272b65-4c00-4d72-bb75-c4d78b2ab2a0",
          "title": "5 - Faça com que cada elemento do quadro de pixels possua 40 pixels de largura, 40 pixels de altura e seja delimitado por uma borda preta de 1 pixel.",
          "fullFile": "",
          "file": "",
          "beforeHooks": [],
          "afterHooks": [],
          "tests": [
            {
              "title": "Verifica se o quadro de pixels tem altura e comprimento de 5 elementos",
              "fullTitle": "5 - Faça com que cada elemento do quadro de pixels possua 40 pixels de largura, 40 pixels de altura e seja delimitado por uma borda preta de 1 pixel. Verifica se o quadro de pixels tem altura e comprimento de 5 elementos",
              "timedOut": null,
              "duration": 267,
              "state": "passed",
              "speed": "slow",
              "pass": true,
              "fail": false,
              "pending": false,
              "context": null,
              "code": "cy.get('.pixel').should('have.length', 25).each(function (pixel) {\n  expect(pixel).to.have.css('background-color', WHITE);\n}).and(function (pixels) {\n  var rows = chunk(pixels, 5);\n  rows.forEach(function (row) {\n    for (var index = 1; index < row.length; index += 1) {\n      var current = pixels[index];\n      var previous = pixels[index - 1];\n      cy.wrap(current).should('be.onTheRightOf', previous).and('be.horizontallyAlignedWith', previous);\n    }\n  });\n  for (var index = 1; index < 5; index += 1) {\n    expect(pixels[index * 5]).to.be.belowOf(pixels[(index - 1) * 5]);\n  }\n});",
              "err": {},
              "uuid": "1cc421d9-53a9-465d-b5d7-6f52bf92d38a",
              "parentUUID": "72272b65-4c00-4d72-bb75-c4d78b2ab2a0",
              "isHook": false,
              "skipped": false
            },
            {
              "title": "Verifica se 40 pixels é o tamanho total do elemento, incluindo seu conteúdo e excluindo a borda preta, que deve ser criada à parte.",
              "fullTitle": "5 - Faça com que cada elemento do quadro de pixels possua 40 pixels de largura, 40 pixels de altura e seja delimitado por uma borda preta de 1 pixel. Verifica se 40 pixels é o tamanho total do elemento, incluindo seu conteúdo e excluindo a borda preta, que deve ser criada à parte.",
              "timedOut": null,
              "duration": 262,
              "state": "passed",
              "speed": "slow",
              "pass": true,
              "fail": false,
              "pending": false,
              "context": null,
              "code": "cy.get('.pixel').each(function (pixel) {\n  cy.wrap(pixel).should('have.css', 'height', '40px').and('have.css', 'width', '40px').and('have.css', 'border', \"1px solid \".concat(BLACK));\n});",
              "err": {},
              "uuid": "6686c562-4b0a-4314-82f8-58f2d34a19eb",
              "parentUUID": "72272b65-4c00-4d72-bb75-c4d78b2ab2a0",
              "isHook": false,
              "skipped": false
            }
          ],
          "suites": [],
          "passes": [
            "1cc421d9-53a9-465d-b5d7-6f52bf92d38a",
            "6686c562-4b0a-4314-82f8-58f2d34a19eb"
          ],
          "failures": [],
          "pending": [],
          "skipped": [],
          "duration": 529,
          "root": false,
          "rootEmpty": false,
          "_timeout": 2000
        },
        {
          "uuid": "2f21d5c2-1660-497d-a275-5794f46ff86d",
          "title": "6 - Defina a cor preta como cor inicial. Ao carregar a página a cor preta já deve estar selecionada para pintar os pixels",
          "fullFile": "",
          "file": "",
          "beforeHooks": [],
          "afterHooks": [],
          "tests": [
            {
              "title": "Verifica se o elemento da cor preta possui, inicialmente, a `classe` `selected`",
              "fullTitle": "6 - Defina a cor preta como cor inicial. Ao carregar a página a cor preta já deve estar selecionada para pintar os pixels Verifica se o elemento da cor preta possui, inicialmente, a `classe` `selected`",
              "timedOut": null,
              "duration": 110,
              "state": "passed",
              "speed": "slow",
              "pass": true,
              "fail": false,
              "pending": false,
              "context": null,
              "code": "cy.get('.selected').first().should('have.css', 'background-color', BLACK);",
              "err": {},
              "uuid": "5a7eda15-63e6-4907-afe5-b326945872a2",
              "parentUUID": "2f21d5c2-1660-497d-a275-5794f46ff86d",
              "isHook": false,
              "skipped": false
            },
            {
              "title": "Verifica se nenhuma outra cor da paleta tem a `classe` `selected`",
              "fullTitle": "6 - Defina a cor preta como cor inicial. Ao carregar a página a cor preta já deve estar selecionada para pintar os pixels Verifica se nenhuma outra cor da paleta tem a `classe` `selected`",
              "timedOut": null,
              "duration": 87,
              "state": "passed",
              "speed": "slow",
              "pass": true,
              "fail": false,
              "pending": false,
              "context": null,
              "code": "cy.get('.color:not(:first-child)').each(function (color) {\n  cy.wrap(color).should('not.have.class', 'selected');\n});",
              "err": {},
              "uuid": "e7e2a009-5edd-4f5c-8468-043cc66d9f5f",
              "parentUUID": "2f21d5c2-1660-497d-a275-5794f46ff86d",
              "isHook": false,
              "skipped": false
            }
          ],
          "suites": [],
          "passes": [
            "5a7eda15-63e6-4907-afe5-b326945872a2",
            "e7e2a009-5edd-4f5c-8468-043cc66d9f5f"
          ],
          "failures": [],
          "pending": [],
          "skipped": [],
          "duration": 197,
          "root": false,
          "rootEmpty": false,
          "_timeout": 2000
        },
        {
          "uuid": "73bd8189-13da-4e47-9eeb-f13bf21a1e94",
          "title": "7 - Clicar em uma das cores da paleta, faz com que ela seja selecionada e utilizada para preencher os pixels no quadro.",
          "fullFile": "",
          "file": "",
          "beforeHooks": [],
          "afterHooks": [],
          "tests": [
            {
              "title": "Verifica se somente uma cor da paleta de cores tem a classe `selected` de cada vez",
              "fullTitle": "7 - Clicar em uma das cores da paleta, faz com que ela seja selecionada e utilizada para preencher os pixels no quadro. Verifica se somente uma cor da paleta de cores tem a classe `selected` de cada vez",
              "timedOut": null,
              "duration": 457,
              "state": "passed",
              "speed": "slow",
              "pass": true,
              "fail": false,
              "pending": false,
              "context": null,
              "code": "cy.get('.color').each(function (selectedColor, selectedColorIndex) {\n  cy.wrap(selectedColor).click();\n  cy.get('.color').each(function (color, colorIndex) {\n    if (colorIndex === selectedColorIndex) {\n      expect(color).to.have[\"class\"]('selected');\n    } else {\n      expect(color).not.to.have[\"class\"]('selected');\n    }\n  });\n});",
              "err": {},
              "uuid": "1b6037d9-dec5-44dc-83ce-82722246302f",
              "parentUUID": "73bd8189-13da-4e47-9eeb-f13bf21a1e94",
              "isHook": false,
              "skipped": false
            },
            {
              "title": "Verifica se os pixels dentro do quadro não têm a classe `selected` quando são clicados",
              "fullTitle": "7 - Clicar em uma das cores da paleta, faz com que ela seja selecionada e utilizada para preencher os pixels no quadro. Verifica se os pixels dentro do quadro não têm a classe `selected` quando são clicados",
              "timedOut": null,
              "duration": 8460,
              "state": "passed",
              "speed": "slow",
              "pass": true,
              "fail": false,
              "pending": false,
              "context": null,
              "code": "cy.get('.color').each(function (color) {\n  var backgroundColor = color.css('background-color');\n  cy.wrap(color).click();\n  cy.get('.pixel').each(function (pixel) {\n    cy.wrap(pixel).click().should('not.have.class', 'selected');\n  });\n});",
              "err": {},
              "uuid": "36c2df11-8266-4df0-a2bc-7eb782989e9b",
              "parentUUID": "73bd8189-13da-4e47-9eeb-f13bf21a1e94",
              "isHook": false,
              "skipped": false
            }
          ],
          "suites": [],
          "passes": [
            "1b6037d9-dec5-44dc-83ce-82722246302f",
            "36c2df11-8266-4df0-a2bc-7eb782989e9b"
          ],
          "failures": [],
          "pending": [],
          "skipped": [],
          "duration": 8917,
          "root": false,
          "rootEmpty": false,
          "_timeout": 2000
        },
        {
          "uuid": "3ed3a0a0-fe13-4147-8822-043350762f0b",
          "title": "8 - Clicar em um pixel dentro do quadro após selecionar uma cor na paleta, faz com que o pixel seja preenchido com a cor selecionada.",
          "fullFile": "",
          "file": "",
          "beforeHooks": [],
          "afterHooks": [],
          "tests": [
            {
              "title": "Verifica se ao carregar a página deve ser possível pintar os pixels de preto",
              "fullTitle": "8 - Clicar em um pixel dentro do quadro após selecionar uma cor na paleta, faz com que o pixel seja preenchido com a cor selecionada. Verifica se ao carregar a página deve ser possível pintar os pixels de preto",
              "timedOut": null,
              "duration": 2190,
              "state": "passed",
              "speed": "slow",
              "pass": true,
              "fail": false,
              "pending": false,
              "context": null,
              "code": "cy.get('.pixel').each(function (pixel) {\n  cy.wrap(pixel).click().should('have.css', 'background-color', BLACK);\n});",
              "err": {},
              "uuid": "7112f7ac-5306-45ee-baaa-b549f7c3d1db",
              "parentUUID": "3ed3a0a0-fe13-4147-8822-043350762f0b",
              "isHook": false,
              "skipped": false
            },
            {
              "title": "Verifica se após selecionar uma outra cor na paleta, é possível pintar os pixels com essa cor",
              "fullTitle": "8 - Clicar em um pixel dentro do quadro após selecionar uma cor na paleta, faz com que o pixel seja preenchido com a cor selecionada. Verifica se após selecionar uma outra cor na paleta, é possível pintar os pixels com essa cor",
              "timedOut": null,
              "duration": 8463,
              "state": "passed",
              "speed": "slow",
              "pass": true,
              "fail": false,
              "pending": false,
              "context": null,
              "code": "cy.get('.color').each(function (color) {\n  var backgroundColor = color.css('background-color');\n  cy.wrap(color).click();\n  cy.get('.pixel').each(function (pixel) {\n    cy.wrap(pixel).click().should('have.css', 'background-color', backgroundColor);\n  });\n});",
              "err": {},
              "uuid": "3bb59e4f-441f-4def-9e50-1c6d11415643",
              "parentUUID": "3ed3a0a0-fe13-4147-8822-043350762f0b",
              "isHook": false,
              "skipped": false
            },
            {
              "title": "Verifica se somente o pixel que foi clicado foi preenchido com a cor selecionada, sem influenciar na cor dos demais pixels.",
              "fullTitle": "8 - Clicar em um pixel dentro do quadro após selecionar uma cor na paleta, faz com que o pixel seja preenchido com a cor selecionada. Verifica se somente o pixel que foi clicado foi preenchido com a cor selecionada, sem influenciar na cor dos demais pixels.",
              "timedOut": null,
              "duration": 1329,
              "state": "passed",
              "speed": "slow",
              "pass": true,
              "fail": false,
              "pending": false,
              "context": null,
              "code": "var colorToPixelIndexMap = {\n  0: 6,\n  1: 8,\n  2: 16,\n  3: 18\n};\ncy.get('.color').each(function (color, index) {\n  cy.wrap(color).click();\n  var backgroundColor = color.css('background-color');\n  var clickedPixelIndex = colorToPixelIndexMap[index];\n  cy.get('.pixel').eq(clickedPixelIndex).click();\n  cy.get('.pixel').eq(clickedPixelIndex - 1).should('not.have.css', 'background-color', backgroundColor);\n  cy.get('.pixel').eq(clickedPixelIndex + 1).should('not.have.css', 'background-color', backgroundColor);\n  cy.get('.pixel').eq(clickedPixelIndex - 5).should('not.have.css', 'background-color', backgroundColor);\n  cy.get('.pixel').eq(clickedPixelIndex + 5).should('not.have.css', 'background-color', backgroundColor);\n  cy.get('.pixel').eq(clickedPixelIndex - 6).should('not.have.css', 'background-color', backgroundColor);\n  cy.get('.pixel').eq(clickedPixelIndex - 4).should('not.have.css', 'background-color', backgroundColor);\n  cy.get('.pixel').eq(clickedPixelIndex + 4).should('not.have.css', 'background-color', backgroundColor);\n  cy.get('.pixel').eq(clickedPixelIndex + 6).should('not.have.css', 'background-color', backgroundColor);\n});",
              "err": {},
              "uuid": "065fc244-4e11-4eda-9046-62b2015b57fd",
              "parentUUID": "3ed3a0a0-fe13-4147-8822-043350762f0b",
              "isHook": false,
              "skipped": false
            }
          ],
          "suites": [],
          "passes": [
            "7112f7ac-5306-45ee-baaa-b549f7c3d1db",
            "3bb59e4f-441f-4def-9e50-1c6d11415643",
            "065fc244-4e11-4eda-9046-62b2015b57fd"
          ],
          "failures": [],
          "pending": [],
          "skipped": [],
          "duration": 11982,
          "root": false,
          "rootEmpty": false,
          "_timeout": 2000
        },
        {
          "uuid": "82b2f219-5f71-450f-bc7f-127652d48ef9",
          "title": "9 - Crie um botão que, ao ser clicado, limpa o quadro preenchendo a cor de todos seus pixels com branco.",
          "fullFile": "",
          "file": "",
          "beforeHooks": [],
          "afterHooks": [],
          "tests": [
            {
              "title": "Verifica se o botão tem o `id` denominado `clear-board`",
              "fullTitle": "9 - Crie um botão que, ao ser clicado, limpa o quadro preenchendo a cor de todos seus pixels com branco. Verifica se o botão tem o `id` denominado `clear-board`",
              "timedOut": null,
              "duration": 4351,
              "state": "failed",
              "speed": null,
              "pass": false,
              "fail": true,
              "pending": false,
              "context": null,
              "code": "cy.get('#clear-board').should('be.visible');",
              "err": {
                "message": "CypressError: Timed out retrying: Expected to find element: '#clear-board', but never found it.",
                "estack": "CypressError: Timed out retrying: Expected to find element: '#clear-board', but never found it.\n    at cypressErr (http://localhost:46791/__cypress/runner/cypress_runner.js:149934:9)\n    at throwErr (http://localhost:46791/__cypress/runner/cypress_runner.js:149867:11)\n    at Object.throwErrByPath (http://localhost:46791/__cypress/runner/cypress_runner.js:149915:3)\n    at retry (http://localhost:46791/__cypress/runner/cypress_runner.js:144197:19)\n    at onFailFn (http://localhost:46791/__cypress/runner/cypress_runner.js:132448:16)\n    at tryCatcher (http://localhost:46791/__cypress/runner/cypress_runner.js:167415:23)\n    at Promise._settlePromiseFromHandler (http://localhost:46791/__cypress/runner/cypress_runner.js:165351:31)\n    at Promise._settlePromise (http://localhost:46791/__cypress/runner/cypress_runner.js:165408:18)\n    at Promise._settlePromise0 (http://localhost:46791/__cypress/runner/cypress_runner.js:165453:10)\n    at Promise._settlePromises (http://localhost:46791/__cypress/runner/cypress_runner.js:165528:18)\n    at Async../node_modules/bluebird/js/release/async.js.Async._drainQueue (http://localhost:46791/__cypress/runner/cypress_runner.js:162140:16)\n    at Async../node_modules/bluebird/js/release/async.js.Async._drainQueues (http://localhost:46791/__cypress/runner/cypress_runner.js:162150:10)\n    at Async.drainQueues (http://localhost:46791/__cypress/runner/cypress_runner.js:162024:14)",
                "diff": null
              },
              "uuid": "850f2f2a-9a7d-49d8-80e7-223d3a060016",
              "parentUUID": "82b2f219-5f71-450f-bc7f-127652d48ef9",
              "isHook": false,
              "skipped": false
            },
            {
              "title": "Verifica se o botão está posicionado entre a paleta de cores e o quadro de pixels",
              "fullTitle": "9 - Crie um botão que, ao ser clicado, limpa o quadro preenchendo a cor de todos seus pixels com branco. Verifica se o botão está posicionado entre a paleta de cores e o quadro de pixels",
              "timedOut": null,
              "duration": 4265,
              "state": "failed",
              "speed": null,
              "pass": false,
              "fail": true,
              "pending": false,
              "context": null,
              "code": "cy.get('#color-palette').then(function (palette) {\n  cy.get('#clear-board').should('be.belowOf', palette);\n});\ncy.get('#clear-board').then(function (clearBtn) {\n  cy.get('#pixel-board').should('be.belowOf', clearBtn);\n});",
              "err": {
                "message": "CypressError: Timed out retrying: Expected to find element: '#clear-board', but never found it.",
                "estack": "CypressError: Timed out retrying: Expected to find element: '#clear-board', but never found it.\n    at cypressErr (http://localhost:46791/__cypress/runner/cypress_runner.js:149934:9)\n    at throwErr (http://localhost:46791/__cypress/runner/cypress_runner.js:149867:11)\n    at Object.throwErrByPath (http://localhost:46791/__cypress/runner/cypress_runner.js:149915:3)\n    at retry (http://localhost:46791/__cypress/runner/cypress_runner.js:144197:19)\n    at onFailFn (http://localhost:46791/__cypress/runner/cypress_runner.js:132448:16)\n    at tryCatcher (http://localhost:46791/__cypress/runner/cypress_runner.js:167415:23)\n    at Promise._settlePromiseFromHandler (http://localhost:46791/__cypress/runner/cypress_runner.js:165351:31)\n    at Promise._settlePromise (http://localhost:46791/__cypress/runner/cypress_runner.js:165408:18)\n    at Promise._settlePromise0 (http://localhost:46791/__cypress/runner/cypress_runner.js:165453:10)\n    at Promise._settlePromises (http://localhost:46791/__cypress/runner/cypress_runner.js:165528:18)\n    at Async../node_modules/bluebird/js/release/async.js.Async._drainQueue (http://localhost:46791/__cypress/runner/cypress_runner.js:162140:16)\n    at Async../node_modules/bluebird/js/release/async.js.Async._drainQueues (http://localhost:46791/__cypress/runner/cypress_runner.js:162150:10)\n    at Async.drainQueues (http://localhost:46791/__cypress/runner/cypress_runner.js:162024:14)",
                "diff": null
              },
              "uuid": "0424333c-35fd-4267-8c39-9a3c2c5d6705",
              "parentUUID": "82b2f219-5f71-450f-bc7f-127652d48ef9",
              "isHook": false,
              "skipped": false
            },
            {
              "title": "Verifica se o texto do botão é 'Limpar'",
              "fullTitle": "9 - Crie um botão que, ao ser clicado, limpa o quadro preenchendo a cor de todos seus pixels com branco. Verifica se o texto do botão é 'Limpar'",
              "timedOut": null,
              "duration": 4272,
              "state": "failed",
              "speed": null,
              "pass": false,
              "fail": true,
              "pending": false,
              "context": null,
              "code": "cy.get('#clear-board').should('contain.text', 'Limpar');",
              "err": {
                "message": "CypressError: Timed out retrying: Expected to find element: '#clear-board', but never found it.",
                "estack": "CypressError: Timed out retrying: Expected to find element: '#clear-board', but never found it.\n    at cypressErr (http://localhost:46791/__cypress/runner/cypress_runner.js:149934:9)\n    at throwErr (http://localhost:46791/__cypress/runner/cypress_runner.js:149867:11)\n    at Object.throwErrByPath (http://localhost:46791/__cypress/runner/cypress_runner.js:149915:3)\n    at retry (http://localhost:46791/__cypress/runner/cypress_runner.js:144197:19)\n    at onFailFn (http://localhost:46791/__cypress/runner/cypress_runner.js:132448:16)\n    at tryCatcher (http://localhost:46791/__cypress/runner/cypress_runner.js:167415:23)\n    at Promise._settlePromiseFromHandler (http://localhost:46791/__cypress/runner/cypress_runner.js:165351:31)\n    at Promise._settlePromise (http://localhost:46791/__cypress/runner/cypress_runner.js:165408:18)\n    at Promise._settlePromise0 (http://localhost:46791/__cypress/runner/cypress_runner.js:165453:10)\n    at Promise._settlePromises (http://localhost:46791/__cypress/runner/cypress_runner.js:165528:18)\n    at Async../node_modules/bluebird/js/release/async.js.Async._drainQueue (http://localhost:46791/__cypress/runner/cypress_runner.js:162140:16)\n    at Async../node_modules/bluebird/js/release/async.js.Async._drainQueues (http://localhost:46791/__cypress/runner/cypress_runner.js:162150:10)\n    at Async.drainQueues (http://localhost:46791/__cypress/runner/cypress_runner.js:162024:14)",
                "diff": null
              },
              "uuid": "83e39a78-6d19-420c-80e0-b91931b31825",
              "parentUUID": "82b2f219-5f71-450f-bc7f-127652d48ef9",
              "isHook": false,
              "skipped": false
            },
            {
              "title": "Verifica se ao clicar no botão, o quadro de pixels é totalmente preenchido de branco",
              "fullTitle": "9 - Crie um botão que, ao ser clicado, limpa o quadro preenchendo a cor de todos seus pixels com branco. Verifica se ao clicar no botão, o quadro de pixels é totalmente preenchido de branco",
              "timedOut": null,
              "duration": 6337,
              "state": "failed",
              "speed": null,
              "pass": false,
              "fail": true,
              "pending": false,
              "context": null,
              "code": "cy.get('.color').eq(1).then(function (color) {\n  var backgroundColor = color.css('background-color');\n  cy.wrap(color).click();\n  cy.get('.pixel').each(function (pixel) {\n    cy.wrap(pixel).click().should('have.css', 'background-color', backgroundColor);\n  });\n});\ncy.get('#clear-board').click();\ncy.get('.pixel').each(function (pixel) {\n  cy.wrap(pixel).should('have.css', 'background-color', WHITE);\n});",
              "err": {
                "message": "CypressError: Timed out retrying: Expected to find element: '#clear-board', but never found it.",
                "estack": "CypressError: Timed out retrying: Expected to find element: '#clear-board', but never found it.\n    at cypressErr (http://localhost:46791/__cypress/runner/cypress_runner.js:149934:9)\n    at throwErr (http://localhost:46791/__cypress/runner/cypress_runner.js:149867:11)\n    at Object.throwErrByPath (http://localhost:46791/__cypress/runner/cypress_runner.js:149915:3)\n    at retry (http://localhost:46791/__cypress/runner/cypress_runner.js:144197:19)\n    at onFailFn (http://localhost:46791/__cypress/runner/cypress_runner.js:132448:16)\n    at tryCatcher (http://localhost:46791/__cypress/runner/cypress_runner.js:167415:23)\n    at Promise._settlePromiseFromHandler (http://localhost:46791/__cypress/runner/cypress_runner.js:165351:31)\n    at Promise._settlePromise (http://localhost:46791/__cypress/runner/cypress_runner.js:165408:18)\n    at Promise._settlePromise0 (http://localhost:46791/__cypress/runner/cypress_runner.js:165453:10)\n    at Promise._settlePromises (http://localhost:46791/__cypress/runner/cypress_runner.js:165528:18)\n    at Async../node_modules/bluebird/js/release/async.js.Async._drainQueue (http://localhost:46791/__cypress/runner/cypress_runner.js:162140:16)\n    at Async../node_modules/bluebird/js/release/async.js.Async._drainQueues (http://localhost:46791/__cypress/runner/cypress_runner.js:162150:10)\n    at Async.drainQueues (http://localhost:46791/__cypress/runner/cypress_runner.js:162024:14)",
                "diff": null
              },
              "uuid": "9c18af88-5dca-4bc8-bf95-ea8613c7a932",
              "parentUUID": "82b2f219-5f71-450f-bc7f-127652d48ef9",
              "isHook": false,
              "skipped": false
            }
          ],
          "suites": [],
          "passes": [],
          "failures": [
            "850f2f2a-9a7d-49d8-80e7-223d3a060016",
            "0424333c-35fd-4267-8c39-9a3c2c5d6705",
            "83e39a78-6d19-420c-80e0-b91931b31825",
            "9c18af88-5dca-4bc8-bf95-ea8613c7a932"
          ],
          "pending": [],
          "skipped": [],
          "duration": 19225,
          "root": false,
          "rootEmpty": false,
          "_timeout": 2000
        },
        {
          "uuid": "20983c52-8a0f-41f4-8491-ed6bff235f12",
          "title": "10 - Faça o quadro de pixels ter seu tamanho definido pelo usuário.",
          "fullFile": "",
          "file": "",
          "beforeHooks": [],
          "afterHooks": [],
          "tests": [
            {
              "title": "Verifica se existe um input com o id `board-size`",
              "fullTitle": "10 - Faça o quadro de pixels ter seu tamanho definido pelo usuário. Verifica se existe um input com o id `board-size`",
              "timedOut": null,
              "duration": 4287,
              "state": "failed",
              "speed": null,
              "pass": false,
              "fail": true,
              "pending": false,
              "context": null,
              "code": "cy.get('#board-size').should('be.visible');",
              "err": {
                "message": "CypressError: Timed out retrying: Expected to find element: '#board-size', but never found it.",
                "estack": "CypressError: Timed out retrying: Expected to find element: '#board-size', but never found it.\n    at cypressErr (http://localhost:46791/__cypress/runner/cypress_runner.js:149934:9)\n    at throwErr (http://localhost:46791/__cypress/runner/cypress_runner.js:149867:11)\n    at Object.throwErrByPath (http://localhost:46791/__cypress/runner/cypress_runner.js:149915:3)\n    at retry (http://localhost:46791/__cypress/runner/cypress_runner.js:144197:19)\n    at onFailFn (http://localhost:46791/__cypress/runner/cypress_runner.js:132448:16)\n    at tryCatcher (http://localhost:46791/__cypress/runner/cypress_runner.js:167415:23)\n    at Promise._settlePromiseFromHandler (http://localhost:46791/__cypress/runner/cypress_runner.js:165351:31)\n    at Promise._settlePromise (http://localhost:46791/__cypress/runner/cypress_runner.js:165408:18)\n    at Promise._settlePromise0 (http://localhost:46791/__cypress/runner/cypress_runner.js:165453:10)\n    at Promise._settlePromises (http://localhost:46791/__cypress/runner/cypress_runner.js:165528:18)\n    at Async../node_modules/bluebird/js/release/async.js.Async._drainQueue (http://localhost:46791/__cypress/runner/cypress_runner.js:162140:16)\n    at Async../node_modules/bluebird/js/release/async.js.Async._drainQueues (http://localhost:46791/__cypress/runner/cypress_runner.js:162150:10)\n    at Async.drainQueues (http://localhost:46791/__cypress/runner/cypress_runner.js:162024:14)",
                "diff": null
              },
              "uuid": "1046c374-b8eb-42a1-958e-7573641c3c87",
              "parentUUID": "20983c52-8a0f-41f4-8491-ed6bff235f12",
              "isHook": false,
              "skipped": false
            },
            {
              "title": "Verifica se existe um botão com o id `generate-board`",
              "fullTitle": "10 - Faça o quadro de pixels ter seu tamanho definido pelo usuário. Verifica se existe um botão com o id `generate-board`",
              "timedOut": null,
              "duration": 4377,
              "state": "failed",
              "speed": null,
              "pass": false,
              "fail": true,
              "pending": false,
              "context": null,
              "code": "cy.get('#generate-board').should('be.visible');",
              "err": {
                "message": "CypressError: Timed out retrying: Expected to find element: '#generate-board', but never found it.",
                "estack": "CypressError: Timed out retrying: Expected to find element: '#generate-board', but never found it.\n    at cypressErr (http://localhost:46791/__cypress/runner/cypress_runner.js:149934:9)\n    at throwErr (http://localhost:46791/__cypress/runner/cypress_runner.js:149867:11)\n    at Object.throwErrByPath (http://localhost:46791/__cypress/runner/cypress_runner.js:149915:3)\n    at retry (http://localhost:46791/__cypress/runner/cypress_runner.js:144197:19)\n    at onFailFn (http://localhost:46791/__cypress/runner/cypress_runner.js:132448:16)\n    at tryCatcher (http://localhost:46791/__cypress/runner/cypress_runner.js:167415:23)\n    at Promise._settlePromiseFromHandler (http://localhost:46791/__cypress/runner/cypress_runner.js:165351:31)\n    at Promise._settlePromise (http://localhost:46791/__cypress/runner/cypress_runner.js:165408:18)\n    at Promise._settlePromise0 (http://localhost:46791/__cypress/runner/cypress_runner.js:165453:10)\n    at Promise._settlePromises (http://localhost:46791/__cypress/runner/cypress_runner.js:165528:18)\n    at Async../node_modules/bluebird/js/release/async.js.Async._drainQueue (http://localhost:46791/__cypress/runner/cypress_runner.js:162140:16)\n    at Async../node_modules/bluebird/js/release/async.js.Async._drainQueues (http://localhost:46791/__cypress/runner/cypress_runner.js:162150:10)\n    at Async.drainQueues (http://localhost:46791/__cypress/runner/cypress_runner.js:162024:14)",
                "diff": null
              },
              "uuid": "afaece04-fa9b-4843-ae11-c331febb6ddd",
              "parentUUID": "20983c52-8a0f-41f4-8491-ed6bff235f12",
              "isHook": false,
              "skipped": false
            },
            {
              "title": "Verifica se o input só aceita número maiores que zero. Essa restrição deve ser feita usando os atributos do elemento `input`",
              "fullTitle": "10 - Faça o quadro de pixels ter seu tamanho definido pelo usuário. Verifica se o input só aceita número maiores que zero. Essa restrição deve ser feita usando os atributos do elemento `input`",
              "timedOut": null,
              "duration": 4319,
              "state": "failed",
              "speed": null,
              "pass": false,
              "fail": true,
              "pending": false,
              "context": null,
              "code": "cy.get('#board-size[type=\\'number\\'][min=\\'1\\']');",
              "err": {
                "message": "CypressError: Timed out retrying: Expected to find element: '#board-size[type='number'][min='1']', but never found it.",
                "estack": "CypressError: Timed out retrying: Expected to find element: '#board-size[type='number'][min='1']', but never found it.\n    at cypressErr (http://localhost:46791/__cypress/runner/cypress_runner.js:149934:9)\n    at throwErr (http://localhost:46791/__cypress/runner/cypress_runner.js:149867:11)\n    at Object.throwErrByPath (http://localhost:46791/__cypress/runner/cypress_runner.js:149915:3)\n    at retry (http://localhost:46791/__cypress/runner/cypress_runner.js:144197:19)\n    at onFailFn (http://localhost:46791/__cypress/runner/cypress_runner.js:132448:16)\n    at tryCatcher (http://localhost:46791/__cypress/runner/cypress_runner.js:167415:23)\n    at Promise._settlePromiseFromHandler (http://localhost:46791/__cypress/runner/cypress_runner.js:165351:31)\n    at Promise._settlePromise (http://localhost:46791/__cypress/runner/cypress_runner.js:165408:18)\n    at Promise._settlePromise0 (http://localhost:46791/__cypress/runner/cypress_runner.js:165453:10)\n    at Promise._settlePromises (http://localhost:46791/__cypress/runner/cypress_runner.js:165528:18)\n    at Async../node_modules/bluebird/js/release/async.js.Async._drainQueue (http://localhost:46791/__cypress/runner/cypress_runner.js:162140:16)\n    at Async../node_modules/bluebird/js/release/async.js.Async._drainQueues (http://localhost:46791/__cypress/runner/cypress_runner.js:162150:10)\n    at Async.drainQueues (http://localhost:46791/__cypress/runner/cypress_runner.js:162024:14)",
                "diff": null
              },
              "uuid": "540d9375-4067-430e-8b2e-2f9c2ca1f9e4",
              "parentUUID": "20983c52-8a0f-41f4-8491-ed6bff235f12",
              "isHook": false,
              "skipped": false
            },
            {
              "title": "Verifica se o botão contém o texto 'VQV'",
              "fullTitle": "10 - Faça o quadro de pixels ter seu tamanho definido pelo usuário. Verifica se o botão contém o texto 'VQV'",
              "timedOut": null,
              "duration": 4325,
              "state": "failed",
              "speed": null,
              "pass": false,
              "fail": true,
              "pending": false,
              "context": null,
              "code": "cy.get('#generate-board').contains(/vqv/i);",
              "err": {
                "message": "CypressError: Timed out retrying: Expected to find element: '#generate-board', but never found it.",
                "estack": "CypressError: Timed out retrying: Expected to find element: '#generate-board', but never found it.\n    at cypressErr (http://localhost:46791/__cypress/runner/cypress_runner.js:149934:9)\n    at throwErr (http://localhost:46791/__cypress/runner/cypress_runner.js:149867:11)\n    at Object.throwErrByPath (http://localhost:46791/__cypress/runner/cypress_runner.js:149915:3)\n    at retry (http://localhost:46791/__cypress/runner/cypress_runner.js:144197:19)\n    at onFailFn (http://localhost:46791/__cypress/runner/cypress_runner.js:132448:16)\n    at tryCatcher (http://localhost:46791/__cypress/runner/cypress_runner.js:167415:23)\n    at Promise._settlePromiseFromHandler (http://localhost:46791/__cypress/runner/cypress_runner.js:165351:31)\n    at Promise._settlePromise (http://localhost:46791/__cypress/runner/cypress_runner.js:165408:18)\n    at Promise._settlePromise0 (http://localhost:46791/__cypress/runner/cypress_runner.js:165453:10)\n    at Promise._settlePromises (http://localhost:46791/__cypress/runner/cypress_runner.js:165528:18)\n    at Async../node_modules/bluebird/js/release/async.js.Async._drainQueue (http://localhost:46791/__cypress/runner/cypress_runner.js:162140:16)\n    at Async../node_modules/bluebird/js/release/async.js.Async._drainQueues (http://localhost:46791/__cypress/runner/cypress_runner.js:162150:10)\n    at Async.drainQueues (http://localhost:46791/__cypress/runner/cypress_runner.js:162024:14)",
                "diff": null
              },
              "uuid": "79ca0e2e-5373-4db6-bfc2-7a4d5e1fbcec",
              "parentUUID": "20983c52-8a0f-41f4-8491-ed6bff235f12",
              "isHook": false,
              "skipped": false
            },
            {
              "title": "Verifica se o input está posicionado entre a paleta de cores e o quadro de pixels",
              "fullTitle": "10 - Faça o quadro de pixels ter seu tamanho definido pelo usuário. Verifica se o input está posicionado entre a paleta de cores e o quadro de pixels",
              "timedOut": null,
              "duration": 4294,
              "state": "failed",
              "speed": null,
              "pass": false,
              "fail": true,
              "pending": false,
              "context": null,
              "code": "cy.get('#color-palette').then(function (palette) {\n  cy.get('#board-size').should('be.belowOf', palette);\n});\ncy.get('#board-size').then(function (palette) {\n  cy.get('#pixel-board').should('be.belowOf', palette);\n});",
              "err": {
                "message": "CypressError: Timed out retrying: Expected to find element: '#board-size', but never found it.",
                "estack": "CypressError: Timed out retrying: Expected to find element: '#board-size', but never found it.\n    at cypressErr (http://localhost:46791/__cypress/runner/cypress_runner.js:149934:9)\n    at throwErr (http://localhost:46791/__cypress/runner/cypress_runner.js:149867:11)\n    at Object.throwErrByPath (http://localhost:46791/__cypress/runner/cypress_runner.js:149915:3)\n    at retry (http://localhost:46791/__cypress/runner/cypress_runner.js:144197:19)\n    at onFailFn (http://localhost:46791/__cypress/runner/cypress_runner.js:132448:16)\n    at tryCatcher (http://localhost:46791/__cypress/runner/cypress_runner.js:167415:23)\n    at Promise._settlePromiseFromHandler (http://localhost:46791/__cypress/runner/cypress_runner.js:165351:31)\n    at Promise._settlePromise (http://localhost:46791/__cypress/runner/cypress_runner.js:165408:18)\n    at Promise._settlePromise0 (http://localhost:46791/__cypress/runner/cypress_runner.js:165453:10)\n    at Promise._settlePromises (http://localhost:46791/__cypress/runner/cypress_runner.js:165528:18)\n    at Async../node_modules/bluebird/js/release/async.js.Async._drainQueue (http://localhost:46791/__cypress/runner/cypress_runner.js:162140:16)\n    at Async../node_modules/bluebird/js/release/async.js.Async._drainQueues (http://localhost:46791/__cypress/runner/cypress_runner.js:162150:10)\n    at Async.drainQueues (http://localhost:46791/__cypress/runner/cypress_runner.js:162024:14)",
                "diff": null
              },
              "uuid": "196a6197-b52d-4d0f-a787-7c2226917525",
              "parentUUID": "20983c52-8a0f-41f4-8491-ed6bff235f12",
              "isHook": false,
              "skipped": false
            },
            {
              "title": "Verifica se o botão está posicionado ao lado do input",
              "fullTitle": "10 - Faça o quadro de pixels ter seu tamanho definido pelo usuário. Verifica se o botão está posicionado ao lado do input",
              "timedOut": null,
              "duration": 4318,
              "state": "failed",
              "speed": null,
              "pass": false,
              "fail": true,
              "pending": false,
              "context": null,
              "code": "cy.get('#board-size').then(function (board) {\n  cy.get('#generate-board').should('be.onTheRightOf', board);\n});",
              "err": {
                "message": "CypressError: Timed out retrying: Expected to find element: '#board-size', but never found it.",
                "estack": "CypressError: Timed out retrying: Expected to find element: '#board-size', but never found it.\n    at cypressErr (http://localhost:46791/__cypress/runner/cypress_runner.js:149934:9)\n    at throwErr (http://localhost:46791/__cypress/runner/cypress_runner.js:149867:11)\n    at Object.throwErrByPath (http://localhost:46791/__cypress/runner/cypress_runner.js:149915:3)\n    at retry (http://localhost:46791/__cypress/runner/cypress_runner.js:144197:19)\n    at onFailFn (http://localhost:46791/__cypress/runner/cypress_runner.js:132448:16)\n    at tryCatcher (http://localhost:46791/__cypress/runner/cypress_runner.js:167415:23)\n    at Promise._settlePromiseFromHandler (http://localhost:46791/__cypress/runner/cypress_runner.js:165351:31)\n    at Promise._settlePromise (http://localhost:46791/__cypress/runner/cypress_runner.js:165408:18)\n    at Promise._settlePromise0 (http://localhost:46791/__cypress/runner/cypress_runner.js:165453:10)\n    at Promise._settlePromises (http://localhost:46791/__cypress/runner/cypress_runner.js:165528:18)\n    at Async../node_modules/bluebird/js/release/async.js.Async._drainQueue (http://localhost:46791/__cypress/runner/cypress_runner.js:162140:16)\n    at Async../node_modules/bluebird/js/release/async.js.Async._drainQueues (http://localhost:46791/__cypress/runner/cypress_runner.js:162150:10)\n    at Async.drainQueues (http://localhost:46791/__cypress/runner/cypress_runner.js:162024:14)",
                "diff": null
              },
              "uuid": "07b9af30-9c49-4be4-8a92-653e520dc1d8",
              "parentUUID": "20983c52-8a0f-41f4-8491-ed6bff235f12",
              "isHook": false,
              "skipped": false
            },
            {
              "title": "Verifica se nenhum valor for colocado no input ao clicar no botão, um `alert` é exibido com o texto: 'Board inválido!'",
              "fullTitle": "10 - Faça o quadro de pixels ter seu tamanho definido pelo usuário. Verifica se nenhum valor for colocado no input ao clicar no botão, um `alert` é exibido com o texto: 'Board inválido!'",
              "timedOut": null,
              "duration": 4314,
              "state": "failed",
              "speed": null,
              "pass": false,
              "fail": true,
              "pending": false,
              "context": null,
              "code": "var alerted = false;\ncy.on('window:alert', function (msg) {\n  return alerted = msg;\n});\ncy.get('#generate-board').click().then(function () {\n  return expect(alerted).to.match(/Board inválido!/i);\n});",
              "err": {
                "message": "CypressError: Timed out retrying: Expected to find element: '#generate-board', but never found it.",
                "estack": "CypressError: Timed out retrying: Expected to find element: '#generate-board', but never found it.\n    at cypressErr (http://localhost:46791/__cypress/runner/cypress_runner.js:149934:9)\n    at throwErr (http://localhost:46791/__cypress/runner/cypress_runner.js:149867:11)\n    at Object.throwErrByPath (http://localhost:46791/__cypress/runner/cypress_runner.js:149915:3)\n    at retry (http://localhost:46791/__cypress/runner/cypress_runner.js:144197:19)\n    at onFailFn (http://localhost:46791/__cypress/runner/cypress_runner.js:132448:16)\n    at tryCatcher (http://localhost:46791/__cypress/runner/cypress_runner.js:167415:23)\n    at Promise._settlePromiseFromHandler (http://localhost:46791/__cypress/runner/cypress_runner.js:165351:31)\n    at Promise._settlePromise (http://localhost:46791/__cypress/runner/cypress_runner.js:165408:18)\n    at Promise._settlePromise0 (http://localhost:46791/__cypress/runner/cypress_runner.js:165453:10)\n    at Promise._settlePromises (http://localhost:46791/__cypress/runner/cypress_runner.js:165528:18)\n    at Async../node_modules/bluebird/js/release/async.js.Async._drainQueue (http://localhost:46791/__cypress/runner/cypress_runner.js:162140:16)\n    at Async../node_modules/bluebird/js/release/async.js.Async._drainQueues (http://localhost:46791/__cypress/runner/cypress_runner.js:162150:10)\n    at Async.drainQueues (http://localhost:46791/__cypress/runner/cypress_runner.js:162024:14)",
                "diff": null
              },
              "uuid": "9eb443d8-7ca6-4dd3-bb1e-f31a5331530f",
              "parentUUID": "20983c52-8a0f-41f4-8491-ed6bff235f12",
              "isHook": false,
              "skipped": false
            },
            {
              "title": "Verifica se ao clicar no botão com um valor preenchido, o tamanho do board muda.",
              "fullTitle": "10 - Faça o quadro de pixels ter seu tamanho definido pelo usuário. Verifica se ao clicar no botão com um valor preenchido, o tamanho do board muda.",
              "timedOut": null,
              "duration": 4328,
              "state": "failed",
              "speed": null,
              "pass": false,
              "fail": true,
              "pending": false,
              "context": null,
              "code": "cy.get('#board-size').clear().type(10);\ncy.get('#generate-board').click();\ncy.get('.pixel').should('have.length', 100);",
              "err": {
                "message": "CypressError: Timed out retrying: Expected to find element: '#board-size', but never found it.",
                "estack": "CypressError: Timed out retrying: Expected to find element: '#board-size', but never found it.\n    at cypressErr (http://localhost:46791/__cypress/runner/cypress_runner.js:149934:9)\n    at throwErr (http://localhost:46791/__cypress/runner/cypress_runner.js:149867:11)\n    at Object.throwErrByPath (http://localhost:46791/__cypress/runner/cypress_runner.js:149915:3)\n    at retry (http://localhost:46791/__cypress/runner/cypress_runner.js:144197:19)\n    at onFailFn (http://localhost:46791/__cypress/runner/cypress_runner.js:132448:16)\n    at tryCatcher (http://localhost:46791/__cypress/runner/cypress_runner.js:167415:23)\n    at Promise._settlePromiseFromHandler (http://localhost:46791/__cypress/runner/cypress_runner.js:165351:31)\n    at Promise._settlePromise (http://localhost:46791/__cypress/runner/cypress_runner.js:165408:18)\n    at Promise._settlePromise0 (http://localhost:46791/__cypress/runner/cypress_runner.js:165453:10)\n    at Promise._settlePromises (http://localhost:46791/__cypress/runner/cypress_runner.js:165528:18)\n    at Async../node_modules/bluebird/js/release/async.js.Async._drainQueue (http://localhost:46791/__cypress/runner/cypress_runner.js:162140:16)\n    at Async../node_modules/bluebird/js/release/async.js.Async._drainQueues (http://localhost:46791/__cypress/runner/cypress_runner.js:162150:10)\n    at Async.drainQueues (http://localhost:46791/__cypress/runner/cypress_runner.js:162024:14)",
                "diff": null
              },
              "uuid": "a587711b-c5e1-4df5-bd27-c7f0f89f871d",
              "parentUUID": "20983c52-8a0f-41f4-8491-ed6bff235f12",
              "isHook": false,
              "skipped": false
            },
            {
              "title": "Verifica se o novo quadro tem todos os pixels preenchidos com a cor branca",
              "fullTitle": "10 - Faça o quadro de pixels ter seu tamanho definido pelo usuário. Verifica se o novo quadro tem todos os pixels preenchidos com a cor branca",
              "timedOut": null,
              "duration": 4281,
              "state": "failed",
              "speed": null,
              "pass": false,
              "fail": true,
              "pending": false,
              "context": null,
              "code": "cy.get('#board-size').clear().type(6);\ncy.get('#generate-board').click();\ncy.get('.pixel').should('have.length', 36).each(function (pixel) {\n  expect(pixel).to.have.css('background-color', WHITE);\n});",
              "err": {
                "message": "CypressError: Timed out retrying: Expected to find element: '#board-size', but never found it.",
                "estack": "CypressError: Timed out retrying: Expected to find element: '#board-size', but never found it.\n    at cypressErr (http://localhost:46791/__cypress/runner/cypress_runner.js:149934:9)\n    at throwErr (http://localhost:46791/__cypress/runner/cypress_runner.js:149867:11)\n    at Object.throwErrByPath (http://localhost:46791/__cypress/runner/cypress_runner.js:149915:3)\n    at retry (http://localhost:46791/__cypress/runner/cypress_runner.js:144197:19)\n    at onFailFn (http://localhost:46791/__cypress/runner/cypress_runner.js:132448:16)\n    at tryCatcher (http://localhost:46791/__cypress/runner/cypress_runner.js:167415:23)\n    at Promise._settlePromiseFromHandler (http://localhost:46791/__cypress/runner/cypress_runner.js:165351:31)\n    at Promise._settlePromise (http://localhost:46791/__cypress/runner/cypress_runner.js:165408:18)\n    at Promise._settlePromise0 (http://localhost:46791/__cypress/runner/cypress_runner.js:165453:10)\n    at Promise._settlePromises (http://localhost:46791/__cypress/runner/cypress_runner.js:165528:18)\n    at Async../node_modules/bluebird/js/release/async.js.Async._drainQueue (http://localhost:46791/__cypress/runner/cypress_runner.js:162140:16)\n    at Async../node_modules/bluebird/js/release/async.js.Async._drainQueues (http://localhost:46791/__cypress/runner/cypress_runner.js:162150:10)\n    at Async.drainQueues (http://localhost:46791/__cypress/runner/cypress_runner.js:162024:14)",
                "diff": null
              },
              "uuid": "b0261932-f9ff-46fc-b401-3c035d16e2b9",
              "parentUUID": "20983c52-8a0f-41f4-8491-ed6bff235f12",
              "isHook": false,
              "skipped": false
            }
          ],
          "suites": [],
          "passes": [],
          "failures": [
            "1046c374-b8eb-42a1-958e-7573641c3c87",
            "afaece04-fa9b-4843-ae11-c331febb6ddd",
            "540d9375-4067-430e-8b2e-2f9c2ca1f9e4",
            "79ca0e2e-5373-4db6-bfc2-7a4d5e1fbcec",
            "196a6197-b52d-4d0f-a787-7c2226917525",
            "07b9af30-9c49-4be4-8a92-653e520dc1d8",
            "9eb443d8-7ca6-4dd3-bb1e-f31a5331530f",
            "a587711b-c5e1-4df5-bd27-c7f0f89f871d",
            "b0261932-f9ff-46fc-b401-3c035d16e2b9"
          ],
          "pending": [],
          "skipped": [],
          "duration": 38843,
          "root": false,
          "rootEmpty": false,
          "_timeout": 2000
        },
        {
          "uuid": "3be68d1a-f077-473b-9efd-6862adcacf02",
          "title": "11 - Limite o tamanho mínimo e máximo do board.",
          "fullFile": "",
          "file": "",
          "beforeHooks": [],
          "afterHooks": [],
          "tests": [
            {
              "title": "Verifica se a altura máxima do board é 50",
              "fullTitle": "11 - Limite o tamanho mínimo e máximo do board. Verifica se a altura máxima do board é 50",
              "timedOut": null,
              "duration": 4303,
              "state": "failed",
              "speed": null,
              "pass": false,
              "fail": true,
              "pending": false,
              "context": null,
              "code": "cy.get('#board-size').clear().type(50);\ncy.get('#generate-board').click();\ncy.get('.pixel').should('have.length', 2500);",
              "err": {
                "message": "CypressError: Timed out retrying: Expected to find element: '#board-size', but never found it.",
                "estack": "CypressError: Timed out retrying: Expected to find element: '#board-size', but never found it.\n    at cypressErr (http://localhost:46791/__cypress/runner/cypress_runner.js:149934:9)\n    at throwErr (http://localhost:46791/__cypress/runner/cypress_runner.js:149867:11)\n    at Object.throwErrByPath (http://localhost:46791/__cypress/runner/cypress_runner.js:149915:3)\n    at retry (http://localhost:46791/__cypress/runner/cypress_runner.js:144197:19)\n    at onFailFn (http://localhost:46791/__cypress/runner/cypress_runner.js:132448:16)\n    at tryCatcher (http://localhost:46791/__cypress/runner/cypress_runner.js:167415:23)\n    at Promise._settlePromiseFromHandler (http://localhost:46791/__cypress/runner/cypress_runner.js:165351:31)\n    at Promise._settlePromise (http://localhost:46791/__cypress/runner/cypress_runner.js:165408:18)\n    at Promise._settlePromise0 (http://localhost:46791/__cypress/runner/cypress_runner.js:165453:10)\n    at Promise._settlePromises (http://localhost:46791/__cypress/runner/cypress_runner.js:165528:18)\n    at Async../node_modules/bluebird/js/release/async.js.Async._drainQueue (http://localhost:46791/__cypress/runner/cypress_runner.js:162140:16)\n    at Async../node_modules/bluebird/js/release/async.js.Async._drainQueues (http://localhost:46791/__cypress/runner/cypress_runner.js:162150:10)\n    at Async.drainQueues (http://localhost:46791/__cypress/runner/cypress_runner.js:162024:14)",
                "diff": null
              },
              "uuid": "acc59160-7340-431d-8309-498ec5d21a25",
              "parentUUID": "3be68d1a-f077-473b-9efd-6862adcacf02",
              "isHook": false,
              "skipped": false
            },
            {
              "title": "Verifica se a altura do board é 5 quando um valor menor é colocado no input",
              "fullTitle": "11 - Limite o tamanho mínimo e máximo do board. Verifica se a altura do board é 5 quando um valor menor é colocado no input",
              "timedOut": null,
              "duration": 4298,
              "state": "failed",
              "speed": null,
              "pass": false,
              "fail": true,
              "pending": false,
              "context": null,
              "code": "cy.get('#board-size').clear().type(4);\ncy.get('#generate-board').click();\ncy.get('.pixel').should('have.length', 25);",
              "err": {
                "message": "CypressError: Timed out retrying: Expected to find element: '#board-size', but never found it.",
                "estack": "CypressError: Timed out retrying: Expected to find element: '#board-size', but never found it.\n    at cypressErr (http://localhost:46791/__cypress/runner/cypress_runner.js:149934:9)\n    at throwErr (http://localhost:46791/__cypress/runner/cypress_runner.js:149867:11)\n    at Object.throwErrByPath (http://localhost:46791/__cypress/runner/cypress_runner.js:149915:3)\n    at retry (http://localhost:46791/__cypress/runner/cypress_runner.js:144197:19)\n    at onFailFn (http://localhost:46791/__cypress/runner/cypress_runner.js:132448:16)\n    at tryCatcher (http://localhost:46791/__cypress/runner/cypress_runner.js:167415:23)\n    at Promise._settlePromiseFromHandler (http://localhost:46791/__cypress/runner/cypress_runner.js:165351:31)\n    at Promise._settlePromise (http://localhost:46791/__cypress/runner/cypress_runner.js:165408:18)\n    at Promise._settlePromise0 (http://localhost:46791/__cypress/runner/cypress_runner.js:165453:10)\n    at Promise._settlePromises (http://localhost:46791/__cypress/runner/cypress_runner.js:165528:18)\n    at Async../node_modules/bluebird/js/release/async.js.Async._drainQueue (http://localhost:46791/__cypress/runner/cypress_runner.js:162140:16)\n    at Async../node_modules/bluebird/js/release/async.js.Async._drainQueues (http://localhost:46791/__cypress/runner/cypress_runner.js:162150:10)\n    at Async.drainQueues (http://localhost:46791/__cypress/runner/cypress_runner.js:162024:14)",
                "diff": null
              },
              "uuid": "5acf3be2-fb07-46da-879c-25c8dacec675",
              "parentUUID": "3be68d1a-f077-473b-9efd-6862adcacf02",
              "isHook": false,
              "skipped": false
            },
            {
              "title": "Verifica se a altura do board é 50 quando um valor maior é colocado no input",
              "fullTitle": "11 - Limite o tamanho mínimo e máximo do board. Verifica se a altura do board é 50 quando um valor maior é colocado no input",
              "timedOut": null,
              "duration": 4307,
              "state": "failed",
              "speed": null,
              "pass": false,
              "fail": true,
              "pending": false,
              "context": null,
              "code": "cy.get('#board-size').clear().type(51);\ncy.get('#generate-board').click();\ncy.get('.pixel').should('have.length', 2500);",
              "err": {
                "message": "CypressError: Timed out retrying: Expected to find element: '#board-size', but never found it.",
                "estack": "CypressError: Timed out retrying: Expected to find element: '#board-size', but never found it.\n    at cypressErr (http://localhost:46791/__cypress/runner/cypress_runner.js:149934:9)\n    at throwErr (http://localhost:46791/__cypress/runner/cypress_runner.js:149867:11)\n    at Object.throwErrByPath (http://localhost:46791/__cypress/runner/cypress_runner.js:149915:3)\n    at retry (http://localhost:46791/__cypress/runner/cypress_runner.js:144197:19)\n    at onFailFn (http://localhost:46791/__cypress/runner/cypress_runner.js:132448:16)\n    at tryCatcher (http://localhost:46791/__cypress/runner/cypress_runner.js:167415:23)\n    at Promise._settlePromiseFromHandler (http://localhost:46791/__cypress/runner/cypress_runner.js:165351:31)\n    at Promise._settlePromise (http://localhost:46791/__cypress/runner/cypress_runner.js:165408:18)\n    at Promise._settlePromise0 (http://localhost:46791/__cypress/runner/cypress_runner.js:165453:10)\n    at Promise._settlePromises (http://localhost:46791/__cypress/runner/cypress_runner.js:165528:18)\n    at Async../node_modules/bluebird/js/release/async.js.Async._drainQueue (http://localhost:46791/__cypress/runner/cypress_runner.js:162140:16)\n    at Async../node_modules/bluebird/js/release/async.js.Async._drainQueues (http://localhost:46791/__cypress/runner/cypress_runner.js:162150:10)\n    at Async.drainQueues (http://localhost:46791/__cypress/runner/cypress_runner.js:162024:14)",
                "diff": null
              },
              "uuid": "fa349132-1dfc-4fb8-918b-06dc3fb0b194",
              "parentUUID": "3be68d1a-f077-473b-9efd-6862adcacf02",
              "isHook": false,
              "skipped": false
            }
          ],
          "suites": [],
          "passes": [],
          "failures": [
            "acc59160-7340-431d-8309-498ec5d21a25",
            "5acf3be2-fb07-46da-879c-25c8dacec675",
            "fa349132-1dfc-4fb8-918b-06dc3fb0b194"
          ],
          "pending": [],
          "skipped": [],
          "duration": 12908,
          "root": false,
          "rootEmpty": false,
          "_timeout": 2000
        },
        {
          "uuid": "ca5e0f2d-0a1d-4827-9612-38800fd60866",
          "title": "12 - Faça com que as cores da paleta sejam geradas aleatoriamente ao carregar a página.",
          "fullFile": "",
          "file": "",
          "beforeHooks": [],
          "afterHooks": [],
          "tests": [
            {
              "title": "Verifica se as cores geradas na paleta são diferentes a cada carregamento da página",
              "fullTitle": "12 - Faça com que as cores da paleta sejam geradas aleatoriamente ao carregar a página. Verifica se as cores geradas na paleta são diferentes a cada carregamento da página",
              "timedOut": null,
              "duration": 393,
              "state": "failed",
              "speed": null,
              "pass": false,
              "fail": true,
              "pending": false,
              "context": null,
              "code": "cy.get('.color').then(function (colors) {\n  var currentColors;\n  var previousColors;\n  previousColors = Array.from(colors).map(function (color) {\n    return Cypress.$(color).css('background-color');\n  });\n  for (var i = 0; i < 5; i += 1) {\n    cy.reload();\n    cy.get('.color').then(function (colors) {\n      currentColors = Array.from(colors).map(function (color) {\n        return Cypress.$(color).css('background-color');\n      });\n      expect(currentColors).not.to.deep.equal(previousColors);\n      previousColors = currentColors;\n    });\n  }\n});",
              "err": {
                "message": "AssertionError: expected [ Array(4) ] to not deeply equal [ Array(4) ]",
                "estack": "AssertionError: expected [ Array(4) ] to not deeply equal [ Array(4) ]\n    at getRet (http://localhost:46791/__cypress/runner/cypress_runner.js:136585:16)\n    at tryCatcher (http://localhost:46791/__cypress/runner/cypress_runner.js:167415:23)\n    at Function.Promise.attempt.Promise.try (http://localhost:46791/__cypress/runner/cypress_runner.js:164690:29)\n    at Context.thenFn (http://localhost:46791/__cypress/runner/cypress_runner.js:136599:23)\n    at Context.then (http://localhost:46791/__cypress/runner/cypress_runner.js:136971:21)\n    at Context.<anonymous> (http://localhost:46791/__cypress/runner/cypress_runner.js:148875:21)\n    at http://localhost:46791/__cypress/runner/cypress_runner.js:148351:33\n    at tryCatcher (http://localhost:46791/__cypress/runner/cypress_runner.js:167415:23)\n    at Promise._settlePromiseFromHandler (http://localhost:46791/__cypress/runner/cypress_runner.js:165351:31)\n    at Promise._settlePromise (http://localhost:46791/__cypress/runner/cypress_runner.js:165408:18)\n    at Promise._settlePromiseCtx (http://localhost:46791/__cypress/runner/cypress_runner.js:165445:10)\n    at Async../node_modules/bluebird/js/release/async.js.Async._drainQueue (http://localhost:46791/__cypress/runner/cypress_runner.js:162145:12)\n    at Async../node_modules/bluebird/js/release/async.js.Async._drainQueues (http://localhost:46791/__cypress/runner/cypress_runner.js:162150:10)\n    at Async.drainQueues (http://localhost:46791/__cypress/runner/cypress_runner.js:162024:14)",
                "diff": ""
              },
              "uuid": "1b804f3a-80c0-4399-b9a6-fb75f73e2483",
              "parentUUID": "ca5e0f2d-0a1d-4827-9612-38800fd60866",
              "isHook": false,
              "skipped": false
            },
            {
              "title": "Verifica se a cor preta ainda está presente e é a primeira na sua paleta de cores",
              "fullTitle": "12 - Faça com que as cores da paleta sejam geradas aleatoriamente ao carregar a página. Verifica se a cor preta ainda está presente e é a primeira na sua paleta de cores",
              "timedOut": null,
              "duration": 358,
              "state": "failed",
              "speed": null,
              "pass": false,
              "fail": true,
              "pending": false,
              "context": null,
              "code": "cy.get('.color').then(function (colors) {\n  var currentColors;\n  var previousColors;\n  previousColors = Array.from(colors).map(function (color) {\n    return Cypress.$(color).css('background-color');\n  });\n  expect(previousColors[0]).to.eq(BLACK);\n  for (var i = 0; i < 5; i += 1) {\n    cy.reload();\n    cy.get('.color').then(function (colors) {\n      currentColors = Array.from(colors).map(function (color) {\n        return Cypress.$(color).css('background-color');\n      });\n      expect(currentColors[0]).to.eq(BLACK);\n      expect(currentColors).not.to.deep.equal(previousColors);\n      previousColors = currentColors;\n    });\n  }\n});",
              "err": {
                "message": "AssertionError: expected [ Array(4) ] to not deeply equal [ Array(4) ]",
                "estack": "AssertionError: expected [ Array(4) ] to not deeply equal [ Array(4) ]\n    at getRet (http://localhost:46791/__cypress/runner/cypress_runner.js:136585:16)\n    at tryCatcher (http://localhost:46791/__cypress/runner/cypress_runner.js:167415:23)\n    at Function.Promise.attempt.Promise.try (http://localhost:46791/__cypress/runner/cypress_runner.js:164690:29)\n    at Context.thenFn (http://localhost:46791/__cypress/runner/cypress_runner.js:136599:23)\n    at Context.then (http://localhost:46791/__cypress/runner/cypress_runner.js:136971:21)\n    at Context.<anonymous> (http://localhost:46791/__cypress/runner/cypress_runner.js:148875:21)\n    at http://localhost:46791/__cypress/runner/cypress_runner.js:148351:33\n    at tryCatcher (http://localhost:46791/__cypress/runner/cypress_runner.js:167415:23)\n    at Promise._settlePromiseFromHandler (http://localhost:46791/__cypress/runner/cypress_runner.js:165351:31)\n    at Promise._settlePromise (http://localhost:46791/__cypress/runner/cypress_runner.js:165408:18)\n    at Promise._settlePromiseCtx (http://localhost:46791/__cypress/runner/cypress_runner.js:165445:10)\n    at Async../node_modules/bluebird/js/release/async.js.Async._drainQueue (http://localhost:46791/__cypress/runner/cypress_runner.js:162145:12)\n    at Async../node_modules/bluebird/js/release/async.js.Async._drainQueues (http://localhost:46791/__cypress/runner/cypress_runner.js:162150:10)\n    at Async.drainQueues (http://localhost:46791/__cypress/runner/cypress_runner.js:162024:14)",
                "diff": ""
              },
              "uuid": "e889f8a0-1b5b-48e1-ba24-25e83bd4bba8",
              "parentUUID": "ca5e0f2d-0a1d-4827-9612-38800fd60866",
              "isHook": false,
              "skipped": false
            }
          ],
          "suites": [],
          "passes": [],
          "failures": [
            "1b804f3a-80c0-4399-b9a6-fb75f73e2483",
            "e889f8a0-1b5b-48e1-ba24-25e83bd4bba8"
          ],
          "pending": [],
          "skipped": [],
          "duration": 751,
          "root": false,
          "rootEmpty": false,
          "_timeout": 2000
        }
      ],
      "passes": [],
      "failures": [],
      "pending": [],
      "skipped": [],
      "duration": 0,
      "root": true,
      "rootEmpty": true,
      "_timeout": 2000
    }
  ],
  "meta": {
    "mocha": {
      "version": "7.0.1"
    },
    "mochawesome": {
      "options": {
        "quiet": false,
        "reportFilename": "mochawesome",
        "saveHtml": false,
        "saveJson": true,
        "consoleReporter": "spec",
        "useInlineDiffs": false
      },
      "version": "4.1.0"
    },
    "marge": {
      "options": {
        "id": "default",
        "reportDir": "cypress/reports",
        "overwrite": true,
        "html": false,
        "json": true
      },
      "version": "4.1.0"
    }
  }
}